<?xml version="1.0" encoding="UTF-8"?>
<!-- Generated by org.testng.reporters.JUnitXMLReporter -->
<testsuite hostname="Waqas" ignored="0" name="Surefire test" tests="12" failures="2" timestamp="2024-08-20T09:58:22 EDT" time="88.989" errors="0">
  <testcase name="verifyLoginWithNoCredentials" time="11.235" classname="com.qa.ninjatutorials.testcases.LoginTest"/>
  <testcase name="verifyInvalidEmailNoPassword" time="6.515" classname="com.qa.ninjatutorials.testcases.LoginTest"/>
  <testcase name="verifyValidEmailNoPassword" time="6.434" classname="com.qa.ninjatutorials.testcases.LoginTest"/>
  <testcase name="verifyValidEmailInvalidPassword" time="6.748" classname="com.qa.ninjatutorials.testcases.LoginTest"/>
  <testcase name="verifyLoginWithInvalidCredentials" time="6.568" classname="com.qa.ninjatutorials.testcases.LoginTest"/>
  <testcase name="verifyLoginWithValidCredentials" time="7.082" classname="com.qa.ninjatutorials.testcases.LoginTest"/>
  <testcase name="verifyRegistrationWithoutFillingAnyDetails" time="0.818" classname="com.qa.ninjatutorials.testcases.RegisterTest"/>
  <testcase name="verifyRegistrationWithMandatoryFields" time="1.212" classname="com.qa.ninjatutorials.testcases.RegisterTest">
    <failure type="java.lang.AssertionError" message="Account success message did not appear. expected [Your Account Has Been Created!] but found [Register Account]">
      <![CDATA[java.lang.AssertionError: Account success message did not appear. expected [Your Account Has Been Created!] but found [Register Account]
at com.qa.ninjatutorials.testcases.RegisterTest.verifyRegistrationWithMandatoryFields(RegisterTest.java:69)
at java.util.ArrayList.forEach(ArrayList.java:1259)
... Removed 37 stack frames]]>
    </failure>
  </testcase> <!-- verifyRegistrationWithMandatoryFields -->
  <testcase name="verifyRegistrationWithAllFields" time="1.73" classname="com.qa.ninjatutorials.testcases.RegisterTest">
    <failure type="java.lang.AssertionError" message="Account success message did not appear. expected [Your Account Has Been Created!] but found [Register Account]">
      <![CDATA[java.lang.AssertionError: Account success message did not appear. expected [Your Account Has Been Created!] but found [Register Account]
at com.qa.ninjatutorials.testcases.RegisterTest.verifyRegistrationWithAllFields(RegisterTest.java:88)
at java.util.ArrayList.forEach(ArrayList.java:1259)
... Removed 37 stack frames]]>
    </failure>
  </testcase> <!-- verifyRegistrationWithAllFields -->
  <testcase name="verifySearchWithoutAnyContent" time="0.508" classname="com.qa.ninjatutorials.testcases.SearchTest"/>
  <testcase name="verifySearchWithInvalidProduct" time="0.569" classname="com.qa.ninjatutorials.testcases.SearchTest"/>
  <testcase name="verifySearchWithValidProduct" time="0.88" classname="com.qa.ninjatutorials.testcases.SearchTest"/>
</testsuite> <!-- Surefire test -->
