<?xml version="1.0" encoding="UTF-8"?>
<!-- Generated by org.testng.reporters.JUnitXMLReporter -->
<testsuite ignored="0" hostname="Waqas" failures="0" tests="2" name="Default test" time="12.939" errors="0" timestamp="2024-08-02T10:19:16 EDT">
  <testcase classname="com.qa.ninjatutorials.testcases.LoginTest" name="verifyLoginWithValidCredentials" time="6.752"/>
  <testcase classname="com.qa.ninjatutorials.testcases.LoginTest" name="verifyLoginWithInvalidCredentials" time="6.162"/>
</testsuite> <!-- Default test -->
