<?xml version="1.0" encoding="UTF-8"?>
<!-- Generated by org.testng.reporters.JUnitXMLReporter -->
<testsuite ignored="0" hostname="Waqas" failures="0" tests="12" name="NinjaTest" time="81.714" errors="0" timestamp="2024-08-15T10:39:26 EDT">
  <testcase classname="com.qa.ninjatutorials.testcases.LoginTest" name="verifyLoginWithNoCredentials" time="8.522"/>
  <testcase classname="com.qa.ninjatutorials.testcases.LoginTest" name="verifyInvalidEmailNoPassword" time="6.32"/>
  <testcase classname="com.qa.ninjatutorials.testcases.LoginTest" name="verifyValidEmailNoPassword" time="6.113"/>
  <testcase classname="com.qa.ninjatutorials.testcases.LoginTest" name="verifyValidEmailInvalidPassword" time="7.557"/>
  <testcase classname="com.qa.ninjatutorials.testcases.LoginTest" name="verifyLoginWithInvalidCredentials" time="7.335"/>
  <testcase classname="com.qa.ninjatutorials.testcases.LoginTest" name="verifyLoginWithValidCredentials" time="6.918"/>
  <testcase classname="com.qa.ninjatutorials.testcases.RegisterTest" name="verifyRegistrationWithoutFillingAnyDetails" time="0.708"/>
  <testcase classname="com.qa.ninjatutorials.testcases.RegisterTest" name="verifyRegistrationWithMandatoryFields" time="1.935"/>
  <testcase classname="com.qa.ninjatutorials.testcases.RegisterTest" name="verifyRegistrationWithAllFields" time="1.981"/>
  <testcase classname="com.qa.ninjatutorials.testcases.SearchTest" name="verifySearchWithoutAnyContent" time="0.521"/>
  <testcase classname="com.qa.ninjatutorials.testcases.SearchTest" name="verifySearchWithInvalidProduct" time="0.756"/>
  <testcase classname="com.qa.ninjatutorials.testcases.SearchTest" name="verifySearchWithValidProduct" time="0.938"/>
</testsuite> <!-- NinjaTest -->
