<?xml version="1.0" encoding="UTF-8"?>
<!-- Generated by org.testng.reporters.JUnitXMLReporter -->
<testsuite ignored="0" hostname="Waqas" failures="2" tests="12" name="NinjaTest" time="72.513" errors="0" timestamp="2024-08-15T10:01:09 EDT">
  <testcase classname="com.qa.ninjatutorials.testcases.LoginTest" name="verifyLoginWithNoCredentials" time="6.53"/>
  <testcase classname="com.qa.ninjatutorials.testcases.LoginTest" name="verifyInvalidEmailNoPassword" time="5.798"/>
  <testcase classname="com.qa.ninjatutorials.testcases.LoginTest" name="verifyValidEmailNoPassword" time="6.02"/>
  <testcase classname="com.qa.ninjatutorials.testcases.LoginTest" name="verifyValidEmailInvalidPassword" time="5.825"/>
  <testcase classname="com.qa.ninjatutorials.testcases.LoginTest" name="verifyLoginWithInvalidCredentials" time="6.084"/>
  <testcase classname="com.qa.ninjatutorials.testcases.LoginTest" name="verifyLoginWithValidCredentials" time="6.616"/>
  <testcase classname="com.qa.ninjatutorials.testcases.RegisterTest" name="verifyRegistrationWithoutFillingAnyDetails" time="0.731"/>
  <testcase classname="com.qa.ninjatutorials.testcases.RegisterTest" name="verifyRegistrationWithMandatoryFields" time="1.343">
    <failure type="java.lang.AssertionError" message="Account success message did not appear. expected [Your Account Has Been Created!] but found [Register Account]">
      <![CDATA[java.lang.AssertionError: Account success message did not appear. expected [Your Account Has Been Created!] but found [Register Account]
at com.qa.ninjatutorials.testcases.RegisterTest.verifyRegistrationWithMandatoryFields(RegisterTest.java:69)
at java.base/java.util.ArrayList.forEach(ArrayList.java:1511)
... Removed 32 stack frames]]>
    </failure>
  </testcase> <!-- verifyRegistrationWithMandatoryFields -->
  <testcase classname="com.qa.ninjatutorials.testcases.RegisterTest" name="verifyRegistrationWithAllFields" time="1.71">
    <failure type="java.lang.AssertionError" message="Account success message did not appear. expected [Your Account Has Been Created!] but found [Register Account]">
      <![CDATA[java.lang.AssertionError: Account success message did not appear. expected [Your Account Has Been Created!] but found [Register Account]
at com.qa.ninjatutorials.testcases.RegisterTest.verifyRegistrationWithAllFields(RegisterTest.java:88)
at java.base/java.util.ArrayList.forEach(ArrayList.java:1511)
... Removed 32 stack frames]]>
    </failure>
  </testcase> <!-- verifyRegistrationWithAllFields -->
  <testcase classname="com.qa.ninjatutorials.testcases.SearchTest" name="verifySearchWithoutAnyContent" time="0.466"/>
  <testcase classname="com.qa.ninjatutorials.testcases.SearchTest" name="verifySearchWithInvalidProduct" time="0.607"/>
  <testcase classname="com.qa.ninjatutorials.testcases.SearchTest" name="verifySearchWithValidProduct" time="0.903"/>
</testsuite> <!-- NinjaTest -->
