<?xml version="1.0" encoding="UTF-8"?>
<testng-results skipped="0" failed="0" ignored="0" total="12" passed="12">
  <reporter-output>
  </reporter-output>
  <suite name="Surefire suite" duration-ms="83355" started-at="2024-08-20T10:03:11 EDT" finished-at="2024-08-20T10:04:35 EDT">
    <groups>
    </groups>
    <test name="Surefire test" duration-ms="83355" started-at="2024-08-20T10:03:11 EDT" finished-at="2024-08-20T10:04:35 EDT">
      <class name="com.qa.ninjatutorials.testcases.SearchTest">
        <test-method status="PASS" signature="setUp()[pri:0, instance:com.qa.ninjatutorials.testcases.SearchTest@6b26e945]" name="setUp" is-config="true" duration-ms="4421" started-at="2024-08-20T10:04:17 EDT" finished-at="2024-08-20T10:04:21 EDT">
          <reporter-output>
          </reporter-output>
        </test-method> <!-- setUp -->
        <test-method status="PASS" signature="verifySearchWithoutAnyContent()[pri:1, instance:com.qa.ninjatutorials.testcases.SearchTest@6b26e945]" name="verifySearchWithoutAnyContent" duration-ms="539" started-at="2024-08-20T10:04:21 EDT" finished-at="2024-08-20T10:04:22 EDT">
          <reporter-output>
          </reporter-output>
        </test-method> <!-- verifySearchWithoutAnyContent -->
        <test-method status="PASS" signature="tearDown()[pri:0, instance:com.qa.ninjatutorials.testcases.SearchTest@6b26e945]" name="tearDown" is-config="true" duration-ms="707" started-at="2024-08-20T10:04:22 EDT" finished-at="2024-08-20T10:04:22 EDT">
          <reporter-output>
          </reporter-output>
        </test-method> <!-- tearDown -->
        <test-method status="PASS" signature="setUp()[pri:0, instance:com.qa.ninjatutorials.testcases.SearchTest@6b26e945]" name="setUp" is-config="true" duration-ms="4687" started-at="2024-08-20T10:04:22 EDT" finished-at="2024-08-20T10:04:27 EDT">
          <reporter-output>
          </reporter-output>
        </test-method> <!-- setUp -->
        <test-method status="PASS" signature="verifySearchWithInvalidProduct()[pri:2, instance:com.qa.ninjatutorials.testcases.SearchTest@6b26e945]" name="verifySearchWithInvalidProduct" duration-ms="680" started-at="2024-08-20T10:04:27 EDT" finished-at="2024-08-20T10:04:28 EDT">
          <reporter-output>
          </reporter-output>
        </test-method> <!-- verifySearchWithInvalidProduct -->
        <test-method status="PASS" signature="tearDown()[pri:0, instance:com.qa.ninjatutorials.testcases.SearchTest@6b26e945]" name="tearDown" is-config="true" duration-ms="782" started-at="2024-08-20T10:04:28 EDT" finished-at="2024-08-20T10:04:29 EDT">
          <reporter-output>
          </reporter-output>
        </test-method> <!-- tearDown -->
        <test-method status="PASS" signature="setUp()[pri:0, instance:com.qa.ninjatutorials.testcases.SearchTest@6b26e945]" name="setUp" is-config="true" duration-ms="4443" started-at="2024-08-20T10:04:29 EDT" finished-at="2024-08-20T10:04:33 EDT">
          <reporter-output>
          </reporter-output>
        </test-method> <!-- setUp -->
        <test-method status="PASS" signature="verifySearchWithValidProduct()[pri:3, instance:com.qa.ninjatutorials.testcases.SearchTest@6b26e945]" name="verifySearchWithValidProduct" duration-ms="941" started-at="2024-08-20T10:04:33 EDT" finished-at="2024-08-20T10:04:34 EDT">
          <reporter-output>
          </reporter-output>
        </test-method> <!-- verifySearchWithValidProduct -->
        <test-method status="PASS" signature="tearDown()[pri:0, instance:com.qa.ninjatutorials.testcases.SearchTest@6b26e945]" name="tearDown" is-config="true" duration-ms="800" started-at="2024-08-20T10:04:34 EDT" finished-at="2024-08-20T10:04:35 EDT">
          <reporter-output>
          </reporter-output>
        </test-method> <!-- tearDown -->
      </class> <!-- com.qa.ninjatutorials.testcases.SearchTest -->
      <class name="com.qa.ninjatutorials.testcases.LoginTest">
        <test-method status="PASS" signature="verifyLoginWithNoCredentials()[pri:1, instance:com.qa.ninjatutorials.testcases.LoginTest@7995092a]" name="verifyLoginWithNoCredentials" duration-ms="9107" started-at="2024-08-20T10:03:11 EDT" finished-at="2024-08-20T10:03:21 EDT">
          <reporter-output>
          </reporter-output>
        </test-method> <!-- verifyLoginWithNoCredentials -->
        <test-method status="PASS" signature="verifyInvalidEmailNoPassword()[pri:2, instance:com.qa.ninjatutorials.testcases.LoginTest@7995092a]" name="verifyInvalidEmailNoPassword" duration-ms="6683" started-at="2024-08-20T10:03:21 EDT" finished-at="2024-08-20T10:03:27 EDT">
          <reporter-output>
          </reporter-output>
        </test-method> <!-- verifyInvalidEmailNoPassword -->
        <test-method status="PASS" signature="verifyValidEmailNoPassword()[pri:3, instance:com.qa.ninjatutorials.testcases.LoginTest@7995092a]" name="verifyValidEmailNoPassword" duration-ms="6801" started-at="2024-08-20T10:03:27 EDT" finished-at="2024-08-20T10:03:34 EDT">
          <reporter-output>
          </reporter-output>
        </test-method> <!-- verifyValidEmailNoPassword -->
        <test-method status="PASS" signature="verifyValidEmailInvalidPassword()[pri:4, instance:com.qa.ninjatutorials.testcases.LoginTest@7995092a]" name="verifyValidEmailInvalidPassword" duration-ms="6620" started-at="2024-08-20T10:03:34 EDT" finished-at="2024-08-20T10:03:41 EDT">
          <reporter-output>
          </reporter-output>
        </test-method> <!-- verifyValidEmailInvalidPassword -->
        <test-method status="PASS" signature="verifyLoginWithInvalidCredentials()[pri:5, instance:com.qa.ninjatutorials.testcases.LoginTest@7995092a]" name="verifyLoginWithInvalidCredentials" duration-ms="6513" started-at="2024-08-20T10:03:41 EDT" finished-at="2024-08-20T10:03:47 EDT">
          <reporter-output>
          </reporter-output>
        </test-method> <!-- verifyLoginWithInvalidCredentials -->
        <test-method status="PASS" signature="verifyLoginWithValidCredentials()[pri:6, instance:com.qa.ninjatutorials.testcases.LoginTest@7995092a]" name="verifyLoginWithValidCredentials" duration-ms="6683" started-at="2024-08-20T10:03:47 EDT" finished-at="2024-08-20T10:03:54 EDT">
          <reporter-output>
          </reporter-output>
        </test-method> <!-- verifyLoginWithValidCredentials -->
      </class> <!-- com.qa.ninjatutorials.testcases.LoginTest -->
      <class name="com.qa.ninjatutorials.testcases.RegisterTest">
        <test-method status="PASS" signature="setup()[pri:0, instance:com.qa.ninjatutorials.testcases.RegisterTest@7692d9cc]" name="setup" is-config="true" duration-ms="5798" started-at="2024-08-20T10:03:54 EDT" finished-at="2024-08-20T10:04:00 EDT">
          <reporter-output>
          </reporter-output>
        </test-method> <!-- setup -->
        <test-method status="PASS" signature="verifyRegistrationWithoutFillingAnyDetails()[pri:1, instance:com.qa.ninjatutorials.testcases.RegisterTest@7692d9cc]" name="verifyRegistrationWithoutFillingAnyDetails" duration-ms="856" started-at="2024-08-20T10:04:00 EDT" finished-at="2024-08-20T10:04:01 EDT">
          <reporter-output>
          </reporter-output>
        </test-method> <!-- verifyRegistrationWithoutFillingAnyDetails -->
        <test-method status="PASS" signature="teardown()[pri:0, instance:com.qa.ninjatutorials.testcases.RegisterTest@7692d9cc]" name="teardown" is-config="true" duration-ms="732" started-at="2024-08-20T10:04:01 EDT" finished-at="2024-08-20T10:04:01 EDT">
          <reporter-output>
          </reporter-output>
        </test-method> <!-- teardown -->
        <test-method status="PASS" signature="setup()[pri:0, instance:com.qa.ninjatutorials.testcases.RegisterTest@7692d9cc]" name="setup" is-config="true" duration-ms="4935" started-at="2024-08-20T10:04:01 EDT" finished-at="2024-08-20T10:04:06 EDT">
          <reporter-output>
          </reporter-output>
        </test-method> <!-- setup -->
        <test-method status="PASS" signature="verifyRegistrationWithMandatoryFields()[pri:2, instance:com.qa.ninjatutorials.testcases.RegisterTest@7692d9cc]" name="verifyRegistrationWithMandatoryFields" duration-ms="1644" started-at="2024-08-20T10:04:06 EDT" finished-at="2024-08-20T10:04:08 EDT">
          <reporter-output>
          </reporter-output>
        </test-method> <!-- verifyRegistrationWithMandatoryFields -->
        <test-method status="PASS" signature="teardown()[pri:0, instance:com.qa.ninjatutorials.testcases.RegisterTest@7692d9cc]" name="teardown" is-config="true" duration-ms="766" started-at="2024-08-20T10:04:08 EDT" finished-at="2024-08-20T10:04:09 EDT">
          <reporter-output>
          </reporter-output>
        </test-method> <!-- teardown -->
        <test-method status="PASS" signature="setup()[pri:0, instance:com.qa.ninjatutorials.testcases.RegisterTest@7692d9cc]" name="setup" is-config="true" duration-ms="5117" started-at="2024-08-20T10:04:09 EDT" finished-at="2024-08-20T10:04:14 EDT">
          <reporter-output>
          </reporter-output>
        </test-method> <!-- setup -->
        <test-method status="PASS" signature="verifyRegistrationWithAllFields()[pri:3, instance:com.qa.ninjatutorials.testcases.RegisterTest@7692d9cc]" name="verifyRegistrationWithAllFields" duration-ms="2267" started-at="2024-08-20T10:04:14 EDT" finished-at="2024-08-20T10:04:16 EDT">
          <reporter-output>
          </reporter-output>
        </test-method> <!-- verifyRegistrationWithAllFields -->
        <test-method status="PASS" signature="teardown()[pri:0, instance:com.qa.ninjatutorials.testcases.RegisterTest@7692d9cc]" name="teardown" is-config="true" duration-ms="798" started-at="2024-08-20T10:04:16 EDT" finished-at="2024-08-20T10:04:17 EDT">
          <reporter-output>
          </reporter-output>
        </test-method> <!-- teardown -->
      </class> <!-- com.qa.ninjatutorials.testcases.RegisterTest -->
    </test> <!-- Surefire test -->
  </suite> <!-- Surefire suite -->
</testng-results>
