<?xml version="1.0" encoding="UTF-8"?>
<testsuite xmlns:xsi="http://www.w3.org/2001/XMLSchema-instance" xsi:noNamespaceSchemaLocation="https://maven.apache.org/surefire/maven-surefire-plugin/xsd/surefire-test-report.xsd" name="TestSuite" time="89.854" tests="12" errors="0" skipped="0" failures="2">
  <properties>
[...]
</properties>
  <testcase name="verifyLoginWithNoCredentials" classname="com.qa.ninjatutorials.testcases.LoginTest" time="11.235"/>
  <testcase name="verifyInvalidEmailNoPassword" classname="com.qa.ninjatutorials.testcases.LoginTest" time="6.516"/>
  <testcase name="verifyValidEmailNoPassword" classname="com.qa.ninjatutorials.testcases.LoginTest" time="6.434"/>
  <testcase name="verifyValidEmailInvalidPassword" classname="com.qa.ninjatutorials.testcases.LoginTest" time="6.75"/>
  <testcase name="verifyLoginWithInvalidCredentials" classname="com.qa.ninjatutorials.testcases.LoginTest" time="6.568"/>
  <testcase name="verifyLoginWithValidCredentials" classname="com.qa.ninjatutorials.testcases.LoginTest" time="7.082"/>
  <testcase name="verifyRegistrationWithoutFillingAnyDetails" classname="com.qa.ninjatutorials.testcases.RegisterTest" time="0.818"/>
  <testcase name="verifyRegistrationWithMandatoryFields" classname="com.qa.ninjatutorials.testcases.RegisterTest" time="1.226">
    <failure message="Account success message did not appear. expected [Your Account Has Been Created!] but found [Register Account]" type="java.lang.AssertionError">java.lang.AssertionError: Account success message did not appear. expected [Your Account Has Been Created!] but found [Register Account]
	at com.qa.ninjatutorials.testcases.RegisterTest.verifyRegistrationWithMandatoryFields(RegisterTest.java:69)
</failure>
    <system-out><![CDATA[[DEBUG] Channel Closed: [id: 0xc87f50ab, L:/127.0.0.1:61525 ! R:localhost/127.0.0.1:61518] with attribute DISCARD
[DEBUG] Using pooled Channel '[id: 0xb14b90e2, L:/127.0.0.1:61517 - R:localhost/127.0.0.1:35064]' for 'DELETE' to 'http://localhost:35064/session/73380f855a48778f4ab112215c881b1b'
[DEBUG] Using open Channel [id: 0xb14b90e2, L:/127.0.0.1:61517 - R:localhost/127.0.0.1:35064] for DELETE '/session/73380f855a48778f4ab112215c881b1b'
[DEBUG] Unexpected I/O exception on channel [id: 0x709aa596, L:/127.0.0.1:61524 - R:localhost/127.0.0.1:61518]
java.io.IOException: An existing connection was forcibly closed by the remote host
	at sun.nio.ch.SocketDispatcher.read0(Native Method) ~[na:1.8.0_333]
	at sun.nio.ch.SocketDispatcher.read(SocketDispatcher.java:43) ~[na:1.8.0_333]
	at sun.nio.ch.IOUtil.readIntoNativeBuffer(IOUtil.java:223) ~[na:1.8.0_333]
	at sun.nio.ch.IOUtil.read(IOUtil.java:192) ~[na:1.8.0_333]
	at sun.nio.ch.SocketChannelImpl.read(SocketChannelImpl.java:378) ~[na:1.8.0_333]
	at io.netty.buffer.PooledByteBuf.setBytes(PooledByteBuf.java:254) ~[netty-buffer-4.1.96.Final.jar:4.1.96.Final]
	at io.netty.buffer.AbstractByteBuf.writeBytes(AbstractByteBuf.java:1132) ~[netty-buffer-4.1.96.Final.jar:4.1.96.Final]
	at io.netty.channel.socket.nio.NioSocketChannel.doReadBytes(NioSocketChannel.java:357) ~[netty-transport-4.1.96.Final.jar:4.1.96.Final]
	at io.netty.channel.nio.AbstractNioByteChannel$NioByteUnsafe.read(AbstractNioByteChannel.java:151) ~[netty-transport-4.1.96.Final.jar:4.1.96.Final]
	at io.netty.channel.nio.NioEventLoop.processSelectedKey(NioEventLoop.java:788) [netty-transport-4.1.96.Final.jar:4.1.96.Final]
	at io.netty.channel.nio.NioEventLoop.processSelectedKeysOptimized(NioEventLoop.java:724) [netty-transport-4.1.96.Final.jar:4.1.96.Final]
	at io.netty.channel.nio.NioEventLoop.processSelectedKeys(NioEventLoop.java:650) [netty-transport-4.1.96.Final.jar:4.1.96.Final]
	at io.netty.channel.nio.NioEventLoop.run(NioEventLoop.java:562) [netty-transport-4.1.96.Final.jar:4.1.96.Final]
	at io.netty.util.concurrent.SingleThreadEventExecutor$4.run(SingleThreadEventExecutor.java:997) [netty-common-4.1.96.Final.jar:4.1.96.Final]
	at io.netty.util.internal.ThreadExecutorMap$2.run(ThreadExecutorMap.java:74) [netty-common-4.1.96.Final.jar:4.1.96.Final]
	at io.netty.util.concurrent.FastThreadLocalRunnable.run(FastThreadLocalRunnable.java:30) [netty-common-4.1.96.Final.jar:4.1.96.Final]
	at java.lang.Thread.run(Thread.java:750) [na:1.8.0_333]
[DEBUG] Closing Channel [id: 0x709aa596, L:/127.0.0.1:61524 - R:localhost/127.0.0.1:61518] 
[DEBUG] Channel Closed: [id: 0x709aa596, L:/127.0.0.1:61524 ! R:localhost/127.0.0.1:61518] with attribute DISCARD
[DEBUG] 

Request DefaultFullHttpRequest(decodeResult: success, version: HTTP/1.1, content: EmptyByteBufBE)
DELETE /session/73380f855a48778f4ab112215c881b1b HTTP/1.1
User-Agent: selenium/4.13.0 (java windows)
Content-Type: application/json; charset=utf-8
host: localhost:35064
accept: */*

Response DefaultHttpResponse(decodeResult: success, version: HTTP/1.1)
HTTP/1.1 200 OK
Content-Length: 14
Content-Type: application/json; charset=utf-8
cache-control: no-cache

[DEBUG] Adding key: http://localhost:35064 for channel [id: 0xb14b90e2, L:/127.0.0.1:61517 - R:localhost/127.0.0.1:35064]
[DEBUG] Channel Closed: [id: 0xb14b90e2, L:/127.0.0.1:61517 ! R:localhost/127.0.0.1:35064] with attribute DISCARD
[DEBUG] Entry count for : http://localhost:35064 : 1
[DEBUG] Entry count for : http://localhost:61518 : 1
[DEBUG] Adding Candidate expired Channel [id: 0xb14b90e2, L:/127.0.0.1:61517 ! R:localhost/127.0.0.1:35064] isIdleTimeoutExpired=false isRemotelyClosed=true isTtlExpired=false
[DEBUG] Closing Idle Channel [id: 0xb14b90e2, L:/127.0.0.1:61517 ! R:localhost/127.0.0.1:35064]
[DEBUG] Adding Candidate expired Channel [id: 0x709aa596, L:/127.0.0.1:61524 ! R:localhost/127.0.0.1:61518] isIdleTimeoutExpired=false isRemotelyClosed=true isTtlExpired=false
[DEBUG] Closing Idle Channel [id: 0x709aa596, L:/127.0.0.1:61524 ! R:localhost/127.0.0.1:61518]
[DEBUG] Closed 2 connections out of 2 in 1 ms
[DEBUG] Using new Channel '[id: 0xee0af923, L:/127.0.0.1:61540 - R:localhost/127.0.0.1:15428]' for 'POST' to '/session'
[DEBUG] 

Request DefaultHttpRequest(decodeResult: success, version: HTTP/1.1)
POST /session HTTP/1.1
User-Agent: selenium/4.13.0 (java windows)
Content-Length: 351
Content-Type: application/json; charset=utf-8
host: localhost:15428
accept: */*

Response DefaultHttpResponse(decodeResult: success, version: HTTP/1.1)
HTTP/1.1 200 OK
Content-Length: 883
Content-Type: application/json; charset=utf-8
cache-control: no-cache

[DEBUG] Adding key: http://localhost:15428 for channel [id: 0xee0af923, L:/127.0.0.1:61540 - R:localhost/127.0.0.1:15428]
[DEBUG] Using new Channel '[id: 0x2d6d3feb, L:/127.0.0.1:61547 - R:localhost/127.0.0.1:61541]' for 'GET' to '/json/version'
[DEBUG] 

Request DefaultFullHttpRequest(decodeResult: success, version: HTTP/1.1, content: EmptyByteBufBE)
GET /json/version HTTP/1.1
User-Agent: selenium/4.13.0 (java windows)
host: localhost:61541
accept: */*

Response DefaultHttpResponse(decodeResult: success, version: HTTP/1.1)
HTTP/1.1 200 OK
Content-Security-Policy: frame-ancestors 'none'
Content-Length: 424
Content-Type: application/json; charset=UTF-8

[DEBUG] Adding key: http://localhost:61541 for channel [id: 0x2d6d3feb, L:/127.0.0.1:61547 - R:localhost/127.0.0.1:61541]
[DEBUG] Using new Channel '[id: 0xb19a4b97, L:/127.0.0.1:61548 - R:localhost/127.0.0.1:61541]' for 'GET' to '/devtools/browser/a165ebd7-e975-4199-9274-5d8cb67d7a65'
[DEBUG] 

Request DefaultFullHttpRequest(decodeResult: success, version: HTTP/1.1, content: EmptyByteBufBE)
GET /devtools/browser/a165ebd7-e975-4199-9274-5d8cb67d7a65 HTTP/1.1
upgrade: websocket
connection: upgrade
sec-websocket-key: wkDl/H67Djkk58WmBos/8Q==
sec-websocket-version: 13
origin: http://localhost:61541
host: localhost:61541
accept: */*
user-agent: AHC/2.1

Response DefaultHttpResponse(decodeResult: success, version: HTTP/1.1)
HTTP/1.1 101 WebSocket Protocol Handshake
Upgrade: WebSocket
Connection: Upgrade
Sec-WebSocket-Accept: K6JmdfNoYuyDiAJTdNlq09iCfno=

[DEBUG] Using pooled Channel '[id: 0xee0af923, L:/127.0.0.1:61540 - R:localhost/127.0.0.1:15428]' for 'POST' to 'http://localhost:15428/session/2bdca056939ed67a7005186fc69a0873/window/maximize'
[DEBUG] Using open Channel [id: 0xee0af923, L:/127.0.0.1:61540 - R:localhost/127.0.0.1:15428] for POST '/session/2bdca056939ed67a7005186fc69a0873/window/maximize'
[DEBUG] 

Request DefaultHttpRequest(decodeResult: success, version: HTTP/1.1)
POST /session/2bdca056939ed67a7005186fc69a0873/window/maximize HTTP/1.1
User-Agent: selenium/4.13.0 (java windows)
Content-Length: 3
Content-Type: application/json; charset=utf-8
host: localhost:15428
accept: */*

Response DefaultHttpResponse(decodeResult: success, version: HTTP/1.1)
HTTP/1.1 200 OK
Content-Length: 51
Content-Type: application/json; charset=utf-8
cache-control: no-cache

[DEBUG] Adding key: http://localhost:15428 for channel [id: 0xee0af923, L:/127.0.0.1:61540 - R:localhost/127.0.0.1:15428]
[DEBUG] Using pooled Channel '[id: 0xee0af923, L:/127.0.0.1:61540 - R:localhost/127.0.0.1:15428]' for 'POST' to 'http://localhost:15428/session/2bdca056939ed67a7005186fc69a0873/timeouts'
[DEBUG] Using open Channel [id: 0xee0af923, L:/127.0.0.1:61540 - R:localhost/127.0.0.1:15428] for POST '/session/2bdca056939ed67a7005186fc69a0873/timeouts'
[DEBUG] 

Request DefaultHttpRequest(decodeResult: success, version: HTTP/1.1)
POST /session/2bdca056939ed67a7005186fc69a0873/timeouts HTTP/1.1
User-Agent: selenium/4.13.0 (java windows)
Content-Length: 23
Content-Type: application/json; charset=utf-8
host: localhost:15428
accept: */*

Response DefaultHttpResponse(decodeResult: success, version: HTTP/1.1)
HTTP/1.1 200 OK
Content-Length: 14
Content-Type: application/json; charset=utf-8
cache-control: no-cache

[DEBUG] Adding key: http://localhost:15428 for channel [id: 0xee0af923, L:/127.0.0.1:61540 - R:localhost/127.0.0.1:15428]
[DEBUG] Using pooled Channel '[id: 0xee0af923, L:/127.0.0.1:61540 - R:localhost/127.0.0.1:15428]' for 'POST' to 'http://localhost:15428/session/2bdca056939ed67a7005186fc69a0873/timeouts'
[DEBUG] Using open Channel [id: 0xee0af923, L:/127.0.0.1:61540 - R:localhost/127.0.0.1:15428] for POST '/session/2bdca056939ed67a7005186fc69a0873/timeouts'
[DEBUG] 

Request DefaultHttpRequest(decodeResult: success, version: HTTP/1.1)
POST /session/2bdca056939ed67a7005186fc69a0873/timeouts HTTP/1.1
User-Agent: selenium/4.13.0 (java windows)
Content-Length: 23
Content-Type: application/json; charset=utf-8
host: localhost:15428
accept: */*

Response DefaultHttpResponse(decodeResult: success, version: HTTP/1.1)
HTTP/1.1 200 OK
Content-Length: 14
Content-Type: application/json; charset=utf-8
cache-control: no-cache

[DEBUG] Adding key: http://localhost:15428 for channel [id: 0xee0af923, L:/127.0.0.1:61540 - R:localhost/127.0.0.1:15428]
[DEBUG] Using pooled Channel '[id: 0xee0af923, L:/127.0.0.1:61540 - R:localhost/127.0.0.1:15428]' for 'POST' to 'http://localhost:15428/session/2bdca056939ed67a7005186fc69a0873/url'
[DEBUG] Using open Channel [id: 0xee0af923, L:/127.0.0.1:61540 - R:localhost/127.0.0.1:15428] for POST '/session/2bdca056939ed67a7005186fc69a0873/url'
[DEBUG] Entry count for : http://localhost:61541 : 1
[DEBUG] Entry count for : http://localhost:61541 : 1
[DEBUG] Entry count for : http://localhost:61541 : 1
[DEBUG] Entry count for : http://localhost:61541 : 1
[DEBUG] 

Request DefaultHttpRequest(decodeResult: success, version: HTTP/1.1)
POST /session/2bdca056939ed67a7005186fc69a0873/url HTTP/1.1
User-Agent: selenium/4.13.0 (java windows)
Content-Length: 60
Content-Type: application/json; charset=utf-8
host: localhost:15428
accept: */*

Response DefaultHttpResponse(decodeResult: success, version: HTTP/1.1)
HTTP/1.1 200 OK
Content-Length: 14
Content-Type: application/json; charset=utf-8
cache-control: no-cache

[DEBUG] Adding key: http://localhost:15428 for channel [id: 0xee0af923, L:/127.0.0.1:61540 - R:localhost/127.0.0.1:15428]
[DEBUG] Using pooled Channel '[id: 0xee0af923, L:/127.0.0.1:61540 - R:localhost/127.0.0.1:15428]' for 'POST' to 'http://localhost:15428/session/2bdca056939ed67a7005186fc69a0873/element'
[DEBUG] Using open Channel [id: 0xee0af923, L:/127.0.0.1:61540 - R:localhost/127.0.0.1:15428] for POST '/session/2bdca056939ed67a7005186fc69a0873/element'
[DEBUG] 

Request DefaultHttpRequest(decodeResult: success, version: HTTP/1.1)
POST /session/2bdca056939ed67a7005186fc69a0873/element HTTP/1.1
User-Agent: selenium/4.13.0 (java windows)
Content-Length: 76
Content-Type: application/json; charset=utf-8
host: localhost:15428
accept: */*

Response DefaultHttpResponse(decodeResult: success, version: HTTP/1.1)
HTTP/1.1 200 OK
Content-Length: 126
Content-Type: application/json; charset=utf-8
cache-control: no-cache

[DEBUG] Adding key: http://localhost:15428 for channel [id: 0xee0af923, L:/127.0.0.1:61540 - R:localhost/127.0.0.1:15428]
[DEBUG] Using pooled Channel '[id: 0xee0af923, L:/127.0.0.1:61540 - R:localhost/127.0.0.1:15428]' for 'POST' to 'http://localhost:15428/session/2bdca056939ed67a7005186fc69a0873/element/f.03EFAA647158AB8AE203A0867722750D.d.E8BB9FCFDBA252A3F5D768F08FD5F112.e.81/click'
[DEBUG] Using open Channel [id: 0xee0af923, L:/127.0.0.1:61540 - R:localhost/127.0.0.1:15428] for POST '/session/2bdca056939ed67a7005186fc69a0873/element/f.03EFAA647158AB8AE203A0867722750D.d.E8BB9FCFDBA252A3F5D768F08FD5F112.e.81/click'
[DEBUG] 

Request DefaultHttpRequest(decodeResult: success, version: HTTP/1.1)
POST /session/2bdca056939ed67a7005186fc69a0873/element/f.03EFAA647158AB8AE203A0867722750D.d.E8BB9FCFDBA252A3F5D768F08FD5F112.e.81/click HTTP/1.1
User-Agent: selenium/4.13.0 (java windows)
Content-Length: 88
Content-Type: application/json; charset=utf-8
host: localhost:15428
accept: */*

Response DefaultHttpResponse(decodeResult: success, version: HTTP/1.1)
HTTP/1.1 200 OK
Content-Length: 14
Content-Type: application/json; charset=utf-8
cache-control: no-cache

[DEBUG] Adding key: http://localhost:15428 for channel [id: 0xee0af923, L:/127.0.0.1:61540 - R:localhost/127.0.0.1:15428]
[DEBUG] Using pooled Channel '[id: 0xee0af923, L:/127.0.0.1:61540 - R:localhost/127.0.0.1:15428]' for 'POST' to 'http://localhost:15428/session/2bdca056939ed67a7005186fc69a0873/element'
[DEBUG] Using open Channel [id: 0xee0af923, L:/127.0.0.1:61540 - R:localhost/127.0.0.1:15428] for POST '/session/2bdca056939ed67a7005186fc69a0873/element'
[DEBUG] 

Request DefaultHttpRequest(decodeResult: success, version: HTTP/1.1)
POST /session/2bdca056939ed67a7005186fc69a0873/element HTTP/1.1
User-Agent: selenium/4.13.0 (java windows)
Content-Length: 49
Content-Type: application/json; charset=utf-8
host: localhost:15428
accept: */*

Response DefaultHttpResponse(decodeResult: success, version: HTTP/1.1)
HTTP/1.1 200 OK
Content-Length: 126
Content-Type: application/json; charset=utf-8
cache-control: no-cache

[DEBUG] Adding key: http://localhost:15428 for channel [id: 0xee0af923, L:/127.0.0.1:61540 - R:localhost/127.0.0.1:15428]
[DEBUG] Using pooled Channel '[id: 0xee0af923, L:/127.0.0.1:61540 - R:localhost/127.0.0.1:15428]' for 'POST' to 'http://localhost:15428/session/2bdca056939ed67a7005186fc69a0873/element/f.03EFAA647158AB8AE203A0867722750D.d.E8BB9FCFDBA252A3F5D768F08FD5F112.e.82/click'
[DEBUG] Using open Channel [id: 0xee0af923, L:/127.0.0.1:61540 - R:localhost/127.0.0.1:15428] for POST '/session/2bdca056939ed67a7005186fc69a0873/element/f.03EFAA647158AB8AE203A0867722750D.d.E8BB9FCFDBA252A3F5D768F08FD5F112.e.82/click'
[DEBUG] Entry count for : http://localhost:61541 : 1
[DEBUG] 

Request DefaultHttpRequest(decodeResult: success, version: HTTP/1.1)
POST /session/2bdca056939ed67a7005186fc69a0873/element/f.03EFAA647158AB8AE203A0867722750D.d.E8BB9FCFDBA252A3F5D768F08FD5F112.e.82/click HTTP/1.1
User-Agent: selenium/4.13.0 (java windows)
Content-Length: 88
Content-Type: application/json; charset=utf-8
host: localhost:15428
accept: */*

Response DefaultHttpResponse(decodeResult: success, version: HTTP/1.1)
HTTP/1.1 200 OK
Content-Length: 14
Content-Type: application/json; charset=utf-8
cache-control: no-cache

[DEBUG] Adding key: http://localhost:15428 for channel [id: 0xee0af923, L:/127.0.0.1:61540 - R:localhost/127.0.0.1:15428]
[DEBUG] Using pooled Channel '[id: 0xee0af923, L:/127.0.0.1:61540 - R:localhost/127.0.0.1:15428]' for 'POST' to 'http://localhost:15428/session/2bdca056939ed67a7005186fc69a0873/element'
[DEBUG] Using open Channel [id: 0xee0af923, L:/127.0.0.1:61540 - R:localhost/127.0.0.1:15428] for POST '/session/2bdca056939ed67a7005186fc69a0873/element'
[DEBUG] 

Request DefaultHttpRequest(decodeResult: success, version: HTTP/1.1)
POST /session/2bdca056939ed67a7005186fc69a0873/element HTTP/1.1
User-Agent: selenium/4.13.0 (java windows)
Content-Length: 62
Content-Type: application/json; charset=utf-8
host: localhost:15428
accept: */*

Response DefaultHttpResponse(decodeResult: success, version: HTTP/1.1)
HTTP/1.1 200 OK
Content-Length: 126
Content-Type: application/json; charset=utf-8
cache-control: no-cache

[DEBUG] Adding key: http://localhost:15428 for channel [id: 0xee0af923, L:/127.0.0.1:61540 - R:localhost/127.0.0.1:15428]
[DEBUG] Using pooled Channel '[id: 0xee0af923, L:/127.0.0.1:61540 - R:localhost/127.0.0.1:15428]' for 'POST' to 'http://localhost:15428/session/2bdca056939ed67a7005186fc69a0873/element/f.03EFAA647158AB8AE203A0867722750D.d.06BF0AA4BCBFB311C85E84FD1E3902E2.e.86/value'
[DEBUG] Using open Channel [id: 0xee0af923, L:/127.0.0.1:61540 - R:localhost/127.0.0.1:15428] for POST '/session/2bdca056939ed67a7005186fc69a0873/element/f.03EFAA647158AB8AE203A0867722750D.d.06BF0AA4BCBFB311C85E84FD1E3902E2.e.86/value'
[DEBUG] 

Request DefaultHttpRequest(decodeResult: success, version: HTTP/1.1)
POST /session/2bdca056939ed67a7005186fc69a0873/element/f.03EFAA647158AB8AE203A0867722750D.d.06BF0AA4BCBFB311C85E84FD1E3902E2.e.86/value HTTP/1.1
User-Agent: selenium/4.13.0 (java windows)
Content-Length: 199
Content-Type: application/json; charset=utf-8
host: localhost:15428
accept: */*

Response DefaultHttpResponse(decodeResult: success, version: HTTP/1.1)
HTTP/1.1 200 OK
Content-Length: 14
Content-Type: application/json; charset=utf-8
cache-control: no-cache

[DEBUG] Adding key: http://localhost:15428 for channel [id: 0xee0af923, L:/127.0.0.1:61540 - R:localhost/127.0.0.1:15428]
[DEBUG] Using pooled Channel '[id: 0xee0af923, L:/127.0.0.1:61540 - R:localhost/127.0.0.1:15428]' for 'POST' to 'http://localhost:15428/session/2bdca056939ed67a7005186fc69a0873/element'
[DEBUG] Using open Channel [id: 0xee0af923, L:/127.0.0.1:61540 - R:localhost/127.0.0.1:15428] for POST '/session/2bdca056939ed67a7005186fc69a0873/element'
[DEBUG] 

Request DefaultHttpRequest(decodeResult: success, version: HTTP/1.1)
POST /session/2bdca056939ed67a7005186fc69a0873/element HTTP/1.1
User-Agent: selenium/4.13.0 (java windows)
Content-Length: 61
Content-Type: application/json; charset=utf-8
host: localhost:15428
accept: */*

Response DefaultHttpResponse(decodeResult: success, version: HTTP/1.1)
HTTP/1.1 200 OK
Content-Length: 126
Content-Type: application/json; charset=utf-8
cache-control: no-cache

[DEBUG] Adding key: http://localhost:15428 for channel [id: 0xee0af923, L:/127.0.0.1:61540 - R:localhost/127.0.0.1:15428]
[DEBUG] Using pooled Channel '[id: 0xee0af923, L:/127.0.0.1:61540 - R:localhost/127.0.0.1:15428]' for 'POST' to 'http://localhost:15428/session/2bdca056939ed67a7005186fc69a0873/element/f.03EFAA647158AB8AE203A0867722750D.d.06BF0AA4BCBFB311C85E84FD1E3902E2.e.87/value'
[DEBUG] Using open Channel [id: 0xee0af923, L:/127.0.0.1:61540 - R:localhost/127.0.0.1:15428] for POST '/session/2bdca056939ed67a7005186fc69a0873/element/f.03EFAA647158AB8AE203A0867722750D.d.06BF0AA4BCBFB311C85E84FD1E3902E2.e.87/value'
[DEBUG] 

Request DefaultHttpRequest(decodeResult: success, version: HTTP/1.1)
POST /session/2bdca056939ed67a7005186fc69a0873/element/f.03EFAA647158AB8AE203A0867722750D.d.06BF0AA4BCBFB311C85E84FD1E3902E2.e.87/value HTTP/1.1
User-Agent: selenium/4.13.0 (java windows)
Content-Length: 189
Content-Type: application/json; charset=utf-8
host: localhost:15428
accept: */*

Response DefaultHttpResponse(decodeResult: success, version: HTTP/1.1)
HTTP/1.1 200 OK
Content-Length: 14
Content-Type: application/json; charset=utf-8
cache-control: no-cache

[DEBUG] Adding key: http://localhost:15428 for channel [id: 0xee0af923, L:/127.0.0.1:61540 - R:localhost/127.0.0.1:15428]
[DEBUG] Using pooled Channel '[id: 0xee0af923, L:/127.0.0.1:61540 - R:localhost/127.0.0.1:15428]' for 'POST' to 'http://localhost:15428/session/2bdca056939ed67a7005186fc69a0873/element'
[DEBUG] Using open Channel [id: 0xee0af923, L:/127.0.0.1:61540 - R:localhost/127.0.0.1:15428] for POST '/session/2bdca056939ed67a7005186fc69a0873/element'
[DEBUG] 

Request DefaultHttpRequest(decodeResult: success, version: HTTP/1.1)
POST /session/2bdca056939ed67a7005186fc69a0873/element HTTP/1.1
User-Agent: selenium/4.13.0 (java windows)
Content-Length: 58
Content-Type: application/json; charset=utf-8
host: localhost:15428
accept: */*

Response DefaultHttpResponse(decodeResult: success, version: HTTP/1.1)
HTTP/1.1 200 OK
Content-Length: 126
Content-Type: application/json; charset=utf-8
cache-control: no-cache

[DEBUG] Adding key: http://localhost:15428 for channel [id: 0xee0af923, L:/127.0.0.1:61540 - R:localhost/127.0.0.1:15428]
[DEBUG] Using pooled Channel '[id: 0xee0af923, L:/127.0.0.1:61540 - R:localhost/127.0.0.1:15428]' for 'POST' to 'http://localhost:15428/session/2bdca056939ed67a7005186fc69a0873/element/f.03EFAA647158AB8AE203A0867722750D.d.06BF0AA4BCBFB311C85E84FD1E3902E2.e.88/value'
[DEBUG] Using open Channel [id: 0xee0af923, L:/127.0.0.1:61540 - R:localhost/127.0.0.1:15428] for POST '/session/2bdca056939ed67a7005186fc69a0873/element/f.03EFAA647158AB8AE203A0867722750D.d.06BF0AA4BCBFB311C85E84FD1E3902E2.e.88/value'
[DEBUG] 

Request DefaultHttpRequest(decodeResult: success, version: HTTP/1.1)
POST /session/2bdca056939ed67a7005186fc69a0873/element/f.03EFAA647158AB8AE203A0867722750D.d.06BF0AA4BCBFB311C85E84FD1E3902E2.e.88/value HTTP/1.1
User-Agent: selenium/4.13.0 (java windows)
Content-Length: 389
Content-Type: application/json; charset=utf-8
host: localhost:15428
accept: */*

Response DefaultHttpResponse(decodeResult: success, version: HTTP/1.1)
HTTP/1.1 200 OK
Content-Length: 14
Content-Type: application/json; charset=utf-8
cache-control: no-cache

[DEBUG] Adding key: http://localhost:15428 for channel [id: 0xee0af923, L:/127.0.0.1:61540 - R:localhost/127.0.0.1:15428]
[DEBUG] Using pooled Channel '[id: 0xee0af923, L:/127.0.0.1:61540 - R:localhost/127.0.0.1:15428]' for 'POST' to 'http://localhost:15428/session/2bdca056939ed67a7005186fc69a0873/element'
[DEBUG] Using open Channel [id: 0xee0af923, L:/127.0.0.1:61540 - R:localhost/127.0.0.1:15428] for POST '/session/2bdca056939ed67a7005186fc69a0873/element'
[DEBUG] 

Request DefaultHttpRequest(decodeResult: success, version: HTTP/1.1)
POST /session/2bdca056939ed67a7005186fc69a0873/element HTTP/1.1
User-Agent: selenium/4.13.0 (java windows)
Content-Length: 62
Content-Type: application/json; charset=utf-8
host: localhost:15428
accept: */*

Response DefaultHttpResponse(decodeResult: success, version: HTTP/1.1)
HTTP/1.1 200 OK
Content-Length: 126
Content-Type: application/json; charset=utf-8
cache-control: no-cache

[DEBUG] Adding key: http://localhost:15428 for channel [id: 0xee0af923, L:/127.0.0.1:61540 - R:localhost/127.0.0.1:15428]
[DEBUG] Using pooled Channel '[id: 0xee0af923, L:/127.0.0.1:61540 - R:localhost/127.0.0.1:15428]' for 'POST' to 'http://localhost:15428/session/2bdca056939ed67a7005186fc69a0873/element/f.03EFAA647158AB8AE203A0867722750D.d.06BF0AA4BCBFB311C85E84FD1E3902E2.e.89/value'
[DEBUG] Using open Channel [id: 0xee0af923, L:/127.0.0.1:61540 - R:localhost/127.0.0.1:15428] for POST '/session/2bdca056939ed67a7005186fc69a0873/element/f.03EFAA647158AB8AE203A0867722750D.d.06BF0AA4BCBFB311C85E84FD1E3902E2.e.89/value'
[DEBUG] 

Request DefaultHttpRequest(decodeResult: success, version: HTTP/1.1)
POST /session/2bdca056939ed67a7005186fc69a0873/element/f.03EFAA647158AB8AE203A0867722750D.d.06BF0AA4BCBFB311C85E84FD1E3902E2.e.89/value HTTP/1.1
User-Agent: selenium/4.13.0 (java windows)
Content-Length: 229
Content-Type: application/json; charset=utf-8
host: localhost:15428
accept: */*

Response DefaultHttpResponse(decodeResult: success, version: HTTP/1.1)
HTTP/1.1 200 OK
Content-Length: 14
Content-Type: application/json; charset=utf-8
cache-control: no-cache

[DEBUG] Adding key: http://localhost:15428 for channel [id: 0xee0af923, L:/127.0.0.1:61540 - R:localhost/127.0.0.1:15428]
[DEBUG] Using pooled Channel '[id: 0xee0af923, L:/127.0.0.1:61540 - R:localhost/127.0.0.1:15428]' for 'POST' to 'http://localhost:15428/session/2bdca056939ed67a7005186fc69a0873/element'
[DEBUG] Using open Channel [id: 0xee0af923, L:/127.0.0.1:61540 - R:localhost/127.0.0.1:15428] for POST '/session/2bdca056939ed67a7005186fc69a0873/element'
[DEBUG] 

Request DefaultHttpRequest(decodeResult: success, version: HTTP/1.1)
POST /session/2bdca056939ed67a7005186fc69a0873/element HTTP/1.1
User-Agent: selenium/4.13.0 (java windows)
Content-Length: 61
Content-Type: application/json; charset=utf-8
host: localhost:15428
accept: */*

Response DefaultHttpResponse(decodeResult: success, version: HTTP/1.1)
HTTP/1.1 200 OK
Content-Length: 126
Content-Type: application/json; charset=utf-8
cache-control: no-cache

[DEBUG] Adding key: http://localhost:15428 for channel [id: 0xee0af923, L:/127.0.0.1:61540 - R:localhost/127.0.0.1:15428]
[DEBUG] Using pooled Channel '[id: 0xee0af923, L:/127.0.0.1:61540 - R:localhost/127.0.0.1:15428]' for 'POST' to 'http://localhost:15428/session/2bdca056939ed67a7005186fc69a0873/element/f.03EFAA647158AB8AE203A0867722750D.d.06BF0AA4BCBFB311C85E84FD1E3902E2.e.90/value'
[DEBUG] Using open Channel [id: 0xee0af923, L:/127.0.0.1:61540 - R:localhost/127.0.0.1:15428] for POST '/session/2bdca056939ed67a7005186fc69a0873/element/f.03EFAA647158AB8AE203A0867722750D.d.06BF0AA4BCBFB311C85E84FD1E3902E2.e.90/value'
[DEBUG] 

Request DefaultHttpRequest(decodeResult: success, version: HTTP/1.1)
POST /session/2bdca056939ed67a7005186fc69a0873/element/f.03EFAA647158AB8AE203A0867722750D.d.06BF0AA4BCBFB311C85E84FD1E3902E2.e.90/value HTTP/1.1
User-Agent: selenium/4.13.0 (java windows)
Content-Length: 239
Content-Type: application/json; charset=utf-8
host: localhost:15428
accept: */*

Response DefaultHttpResponse(decodeResult: success, version: HTTP/1.1)
HTTP/1.1 200 OK
Content-Length: 14
Content-Type: application/json; charset=utf-8
cache-control: no-cache

[DEBUG] Adding key: http://localhost:15428 for channel [id: 0xee0af923, L:/127.0.0.1:61540 - R:localhost/127.0.0.1:15428]
[DEBUG] Using pooled Channel '[id: 0xee0af923, L:/127.0.0.1:61540 - R:localhost/127.0.0.1:15428]' for 'POST' to 'http://localhost:15428/session/2bdca056939ed67a7005186fc69a0873/element'
[DEBUG] Using open Channel [id: 0xee0af923, L:/127.0.0.1:61540 - R:localhost/127.0.0.1:15428] for POST '/session/2bdca056939ed67a7005186fc69a0873/element'
[DEBUG] 

Request DefaultHttpRequest(decodeResult: success, version: HTTP/1.1)
POST /session/2bdca056939ed67a7005186fc69a0873/element HTTP/1.1
User-Agent: selenium/4.13.0 (java windows)
Content-Length: 60
Content-Type: application/json; charset=utf-8
host: localhost:15428
accept: */*

Response DefaultHttpResponse(decodeResult: success, version: HTTP/1.1)
HTTP/1.1 200 OK
Content-Length: 126
Content-Type: application/json; charset=utf-8
cache-control: no-cache

[DEBUG] Adding key: http://localhost:15428 for channel [id: 0xee0af923, L:/127.0.0.1:61540 - R:localhost/127.0.0.1:15428]
[DEBUG] Using pooled Channel '[id: 0xee0af923, L:/127.0.0.1:61540 - R:localhost/127.0.0.1:15428]' for 'POST' to 'http://localhost:15428/session/2bdca056939ed67a7005186fc69a0873/element/f.03EFAA647158AB8AE203A0867722750D.d.06BF0AA4BCBFB311C85E84FD1E3902E2.e.91/value'
[DEBUG] Using open Channel [id: 0xee0af923, L:/127.0.0.1:61540 - R:localhost/127.0.0.1:15428] for POST '/session/2bdca056939ed67a7005186fc69a0873/element/f.03EFAA647158AB8AE203A0867722750D.d.06BF0AA4BCBFB311C85E84FD1E3902E2.e.91/value'
[DEBUG] 

Request DefaultHttpRequest(decodeResult: success, version: HTTP/1.1)
POST /session/2bdca056939ed67a7005186fc69a0873/element/f.03EFAA647158AB8AE203A0867722750D.d.06BF0AA4BCBFB311C85E84FD1E3902E2.e.91/value HTTP/1.1
User-Agent: selenium/4.13.0 (java windows)
Content-Length: 239
Content-Type: application/json; charset=utf-8
host: localhost:15428
accept: */*

Response DefaultHttpResponse(decodeResult: success, version: HTTP/1.1)
HTTP/1.1 200 OK
Content-Length: 14
Content-Type: application/json; charset=utf-8
cache-control: no-cache

[DEBUG] Adding key: http://localhost:15428 for channel [id: 0xee0af923, L:/127.0.0.1:61540 - R:localhost/127.0.0.1:15428]
[DEBUG] Using pooled Channel '[id: 0xee0af923, L:/127.0.0.1:61540 - R:localhost/127.0.0.1:15428]' for 'POST' to 'http://localhost:15428/session/2bdca056939ed67a7005186fc69a0873/element'
[DEBUG] Using open Channel [id: 0xee0af923, L:/127.0.0.1:61540 - R:localhost/127.0.0.1:15428] for POST '/session/2bdca056939ed67a7005186fc69a0873/element'
[DEBUG] 

Request DefaultHttpRequest(decodeResult: success, version: HTTP/1.1)
POST /session/2bdca056939ed67a7005186fc69a0873/element HTTP/1.1
User-Agent: selenium/4.13.0 (java windows)
Content-Length: 59
Content-Type: application/json; charset=utf-8
host: localhost:15428
accept: */*

Response DefaultHttpResponse(decodeResult: success, version: HTTP/1.1)
HTTP/1.1 200 OK
Content-Length: 126
Content-Type: application/json; charset=utf-8
cache-control: no-cache

[DEBUG] Adding key: http://localhost:15428 for channel [id: 0xee0af923, L:/127.0.0.1:61540 - R:localhost/127.0.0.1:15428]
[DEBUG] Using pooled Channel '[id: 0xee0af923, L:/127.0.0.1:61540 - R:localhost/127.0.0.1:15428]' for 'POST' to 'http://localhost:15428/session/2bdca056939ed67a7005186fc69a0873/element/f.03EFAA647158AB8AE203A0867722750D.d.06BF0AA4BCBFB311C85E84FD1E3902E2.e.95/click'
[DEBUG] Using open Channel [id: 0xee0af923, L:/127.0.0.1:61540 - R:localhost/127.0.0.1:15428] for POST '/session/2bdca056939ed67a7005186fc69a0873/element/f.03EFAA647158AB8AE203A0867722750D.d.06BF0AA4BCBFB311C85E84FD1E3902E2.e.95/click'
[DEBUG] 

Request DefaultHttpRequest(decodeResult: success, version: HTTP/1.1)
POST /session/2bdca056939ed67a7005186fc69a0873/element/f.03EFAA647158AB8AE203A0867722750D.d.06BF0AA4BCBFB311C85E84FD1E3902E2.e.95/click HTTP/1.1
User-Agent: selenium/4.13.0 (java windows)
Content-Length: 88
Content-Type: application/json; charset=utf-8
host: localhost:15428
accept: */*

Response DefaultHttpResponse(decodeResult: success, version: HTTP/1.1)
HTTP/1.1 200 OK
Content-Length: 14
Content-Type: application/json; charset=utf-8
cache-control: no-cache

[DEBUG] Adding key: http://localhost:15428 for channel [id: 0xee0af923, L:/127.0.0.1:61540 - R:localhost/127.0.0.1:15428]
[DEBUG] Using pooled Channel '[id: 0xee0af923, L:/127.0.0.1:61540 - R:localhost/127.0.0.1:15428]' for 'POST' to 'http://localhost:15428/session/2bdca056939ed67a7005186fc69a0873/element'
[DEBUG] Using open Channel [id: 0xee0af923, L:/127.0.0.1:61540 - R:localhost/127.0.0.1:15428] for POST '/session/2bdca056939ed67a7005186fc69a0873/element'
[DEBUG] 

Request DefaultHttpRequest(decodeResult: success, version: HTTP/1.1)
POST /session/2bdca056939ed67a7005186fc69a0873/element HTTP/1.1
User-Agent: selenium/4.13.0 (java windows)
Content-Length: 65
Content-Type: application/json; charset=utf-8
host: localhost:15428
accept: */*

Response DefaultHttpResponse(decodeResult: success, version: HTTP/1.1)
HTTP/1.1 200 OK
Content-Length: 127
Content-Type: application/json; charset=utf-8
cache-control: no-cache

[DEBUG] Adding key: http://localhost:15428 for channel [id: 0xee0af923, L:/127.0.0.1:61540 - R:localhost/127.0.0.1:15428]
[DEBUG] Using pooled Channel '[id: 0xee0af923, L:/127.0.0.1:61540 - R:localhost/127.0.0.1:15428]' for 'POST' to 'http://localhost:15428/session/2bdca056939ed67a7005186fc69a0873/element/f.03EFAA647158AB8AE203A0867722750D.d.06BF0AA4BCBFB311C85E84FD1E3902E2.e.107/click'
[DEBUG] Using open Channel [id: 0xee0af923, L:/127.0.0.1:61540 - R:localhost/127.0.0.1:15428] for POST '/session/2bdca056939ed67a7005186fc69a0873/element/f.03EFAA647158AB8AE203A0867722750D.d.06BF0AA4BCBFB311C85E84FD1E3902E2.e.107/click'
[DEBUG] Entry count for : http://localhost:61541 : 1
[DEBUG] 

Request DefaultHttpRequest(decodeResult: success, version: HTTP/1.1)
POST /session/2bdca056939ed67a7005186fc69a0873/element/f.03EFAA647158AB8AE203A0867722750D.d.06BF0AA4BCBFB311C85E84FD1E3902E2.e.107/click HTTP/1.1
User-Agent: selenium/4.13.0 (java windows)
Content-Length: 89
Content-Type: application/json; charset=utf-8
host: localhost:15428
accept: */*

Response DefaultHttpResponse(decodeResult: success, version: HTTP/1.1)
HTTP/1.1 200 OK
Content-Length: 14
Content-Type: application/json; charset=utf-8
cache-control: no-cache

[DEBUG] Adding key: http://localhost:15428 for channel [id: 0xee0af923, L:/127.0.0.1:61540 - R:localhost/127.0.0.1:15428]
[DEBUG] Using pooled Channel '[id: 0xee0af923, L:/127.0.0.1:61540 - R:localhost/127.0.0.1:15428]' for 'POST' to 'http://localhost:15428/session/2bdca056939ed67a7005186fc69a0873/element'
[DEBUG] Using open Channel [id: 0xee0af923, L:/127.0.0.1:61540 - R:localhost/127.0.0.1:15428] for POST '/session/2bdca056939ed67a7005186fc69a0873/element'
[DEBUG] 

Request DefaultHttpRequest(decodeResult: success, version: HTTP/1.1)
POST /session/2bdca056939ed67a7005186fc69a0873/element HTTP/1.1
User-Agent: selenium/4.13.0 (java windows)
Content-Length: 77
Content-Type: application/json; charset=utf-8
host: localhost:15428
accept: */*

Response DefaultHttpResponse(decodeResult: success, version: HTTP/1.1)
HTTP/1.1 200 OK
Content-Length: 127
Content-Type: application/json; charset=utf-8
cache-control: no-cache

[DEBUG] Adding key: http://localhost:15428 for channel [id: 0xee0af923, L:/127.0.0.1:61540 - R:localhost/127.0.0.1:15428]
[DEBUG] Using pooled Channel '[id: 0xee0af923, L:/127.0.0.1:61540 - R:localhost/127.0.0.1:15428]' for 'GET' to 'http://localhost:15428/session/2bdca056939ed67a7005186fc69a0873/element/f.03EFAA647158AB8AE203A0867722750D.d.78E7D53B11C16BECBD52AEAFEC832907.e.147/text'
[DEBUG] Using open Channel [id: 0xee0af923, L:/127.0.0.1:61540 - R:localhost/127.0.0.1:15428] for GET '/session/2bdca056939ed67a7005186fc69a0873/element/f.03EFAA647158AB8AE203A0867722750D.d.78E7D53B11C16BECBD52AEAFEC832907.e.147/text'
[DEBUG] 

Request DefaultFullHttpRequest(decodeResult: success, version: HTTP/1.1, content: EmptyByteBufBE)
GET /session/2bdca056939ed67a7005186fc69a0873/element/f.03EFAA647158AB8AE203A0867722750D.d.78E7D53B11C16BECBD52AEAFEC832907.e.147/text HTTP/1.1
Cache-Control: no-cache
User-Agent: selenium/4.13.0 (java windows)
Content-Type: application/json; charset=utf-8
host: localhost:15428
accept: */*

Response DefaultHttpResponse(decodeResult: success, version: HTTP/1.1)
HTTP/1.1 200 OK
Content-Length: 28
Content-Type: application/json; charset=utf-8
cache-control: no-cache

[DEBUG] Adding key: http://localhost:15428 for channel [id: 0xee0af923, L:/127.0.0.1:61540 - R:localhost/127.0.0.1:15428]
]]></system-out>
    <system-err><![CDATA[Aug 20, 2024 9:57:50 AM org.openqa.selenium.devtools.CdpVersionFinder findNearestMatch
WARNING: Unable to find CDP implementation matching 127
Aug 20, 2024 9:57:50 AM org.openqa.selenium.chromium.ChromiumDriver lambda$new$5
WARNING: Unable to find version of CDP to use for 127.0.6533.101. You may need to include a dependency on a specific version of the CDP using something similar to `org.seleniumhq.selenium:selenium-devtools-v86:4.13.0` where the version ("v86") matches the version of the chromium-based browser you're using and the version number of the artifact is the same as Selenium's.
]]></system-err>
  </testcase>
  <testcase name="verifyRegistrationWithAllFields" classname="com.qa.ninjatutorials.testcases.RegisterTest" time="1.73">
    <failure message="Account success message did not appear. expected [Your Account Has Been Created!] but found [Register Account]" type="java.lang.AssertionError">java.lang.AssertionError: Account success message did not appear. expected [Your Account Has Been Created!] but found [Register Account]
	at com.qa.ninjatutorials.testcases.RegisterTest.verifyRegistrationWithAllFields(RegisterTest.java:88)
</failure>
    <system-out><![CDATA[[DEBUG] Channel Closed: [id: 0xb19a4b97, L:/127.0.0.1:61548 ! R:localhost/127.0.0.1:61541] with attribute DISCARD
[DEBUG] Using pooled Channel '[id: 0xee0af923, L:/127.0.0.1:61540 - R:localhost/127.0.0.1:15428]' for 'DELETE' to 'http://localhost:15428/session/2bdca056939ed67a7005186fc69a0873'
[DEBUG] Using open Channel [id: 0xee0af923, L:/127.0.0.1:61540 - R:localhost/127.0.0.1:15428] for DELETE '/session/2bdca056939ed67a7005186fc69a0873'
[DEBUG] Unexpected I/O exception on channel [id: 0x2d6d3feb, L:/127.0.0.1:61547 - R:localhost/127.0.0.1:61541]
java.io.IOException: An existing connection was forcibly closed by the remote host
	at sun.nio.ch.SocketDispatcher.read0(Native Method) ~[na:1.8.0_333]
	at sun.nio.ch.SocketDispatcher.read(SocketDispatcher.java:43) ~[na:1.8.0_333]
	at sun.nio.ch.IOUtil.readIntoNativeBuffer(IOUtil.java:223) ~[na:1.8.0_333]
	at sun.nio.ch.IOUtil.read(IOUtil.java:192) ~[na:1.8.0_333]
	at sun.nio.ch.SocketChannelImpl.read(SocketChannelImpl.java:378) ~[na:1.8.0_333]
	at io.netty.buffer.PooledByteBuf.setBytes(PooledByteBuf.java:254) ~[netty-buffer-4.1.96.Final.jar:4.1.96.Final]
	at io.netty.buffer.AbstractByteBuf.writeBytes(AbstractByteBuf.java:1132) ~[netty-buffer-4.1.96.Final.jar:4.1.96.Final]
	at io.netty.channel.socket.nio.NioSocketChannel.doReadBytes(NioSocketChannel.java:357) ~[netty-transport-4.1.96.Final.jar:4.1.96.Final]
	at io.netty.channel.nio.AbstractNioByteChannel$NioByteUnsafe.read(AbstractNioByteChannel.java:151) ~[netty-transport-4.1.96.Final.jar:4.1.96.Final]
	at io.netty.channel.nio.NioEventLoop.processSelectedKey(NioEventLoop.java:788) [netty-transport-4.1.96.Final.jar:4.1.96.Final]
	at io.netty.channel.nio.NioEventLoop.processSelectedKeysOptimized(NioEventLoop.java:724) [netty-transport-4.1.96.Final.jar:4.1.96.Final]
	at io.netty.channel.nio.NioEventLoop.processSelectedKeys(NioEventLoop.java:650) [netty-transport-4.1.96.Final.jar:4.1.96.Final]
	at io.netty.channel.nio.NioEventLoop.run(NioEventLoop.java:562) [netty-transport-4.1.96.Final.jar:4.1.96.Final]
	at io.netty.util.concurrent.SingleThreadEventExecutor$4.run(SingleThreadEventExecutor.java:997) [netty-common-4.1.96.Final.jar:4.1.96.Final]
	at io.netty.util.internal.ThreadExecutorMap$2.run(ThreadExecutorMap.java:74) [netty-common-4.1.96.Final.jar:4.1.96.Final]
	at io.netty.util.concurrent.FastThreadLocalRunnable.run(FastThreadLocalRunnable.java:30) [netty-common-4.1.96.Final.jar:4.1.96.Final]
	at java.lang.Thread.run(Thread.java:750) [na:1.8.0_333]
[DEBUG] Closing Channel [id: 0x2d6d3feb, L:/127.0.0.1:61547 - R:localhost/127.0.0.1:61541] 
[DEBUG] Channel Closed: [id: 0x2d6d3feb, L:/127.0.0.1:61547 ! R:localhost/127.0.0.1:61541] with attribute DISCARD
[DEBUG] 

Request DefaultFullHttpRequest(decodeResult: success, version: HTTP/1.1, content: EmptyByteBufBE)
DELETE /session/2bdca056939ed67a7005186fc69a0873 HTTP/1.1
User-Agent: selenium/4.13.0 (java windows)
Content-Type: application/json; charset=utf-8
host: localhost:15428
accept: */*

Response DefaultHttpResponse(decodeResult: success, version: HTTP/1.1)
HTTP/1.1 200 OK
Content-Length: 14
Content-Type: application/json; charset=utf-8
cache-control: no-cache

[DEBUG] Adding key: http://localhost:15428 for channel [id: 0xee0af923, L:/127.0.0.1:61540 - R:localhost/127.0.0.1:15428]
[DEBUG] Channel Closed: [id: 0xee0af923, L:/127.0.0.1:61540 ! R:localhost/127.0.0.1:15428] with attribute DISCARD
[DEBUG] Entry count for : http://localhost:61541 : 1
[DEBUG] Entry count for : http://localhost:15428 : 1
[DEBUG] Adding Candidate expired Channel [id: 0x2d6d3feb, L:/127.0.0.1:61547 ! R:localhost/127.0.0.1:61541] isIdleTimeoutExpired=false isRemotelyClosed=true isTtlExpired=false
[DEBUG] Closing Idle Channel [id: 0x2d6d3feb, L:/127.0.0.1:61547 ! R:localhost/127.0.0.1:61541]
[DEBUG] Adding Candidate expired Channel [id: 0xee0af923, L:/127.0.0.1:61540 ! R:localhost/127.0.0.1:15428] isIdleTimeoutExpired=false isRemotelyClosed=true isTtlExpired=false
[DEBUG] Closing Idle Channel [id: 0xee0af923, L:/127.0.0.1:61540 ! R:localhost/127.0.0.1:15428]
[DEBUG] Closed 2 connections out of 2 in 0 ms
[DEBUG] Using new Channel '[id: 0xbc782bbd, L:/127.0.0.1:61565 - R:localhost/127.0.0.1:32891]' for 'POST' to '/session'
[DEBUG] 

Request DefaultHttpRequest(decodeResult: success, version: HTTP/1.1)
POST /session HTTP/1.1
User-Agent: selenium/4.13.0 (java windows)
Content-Length: 351
Content-Type: application/json; charset=utf-8
host: localhost:32891
accept: */*

Response DefaultHttpResponse(decodeResult: success, version: HTTP/1.1)
HTTP/1.1 200 OK
Content-Length: 883
Content-Type: application/json; charset=utf-8
cache-control: no-cache

[DEBUG] Adding key: http://localhost:32891 for channel [id: 0xbc782bbd, L:/127.0.0.1:61565 - R:localhost/127.0.0.1:32891]
[DEBUG] Using new Channel '[id: 0xf57cf1fe, L:/127.0.0.1:61572 - R:localhost/127.0.0.1:61566]' for 'GET' to '/json/version'
[DEBUG] 

Request DefaultFullHttpRequest(decodeResult: success, version: HTTP/1.1, content: EmptyByteBufBE)
GET /json/version HTTP/1.1
User-Agent: selenium/4.13.0 (java windows)
host: localhost:61566
accept: */*

Response DefaultHttpResponse(decodeResult: success, version: HTTP/1.1)
HTTP/1.1 200 OK
Content-Security-Policy: frame-ancestors 'none'
Content-Length: 424
Content-Type: application/json; charset=UTF-8

[DEBUG] Adding key: http://localhost:61566 for channel [id: 0xf57cf1fe, L:/127.0.0.1:61572 - R:localhost/127.0.0.1:61566]
[DEBUG] Using new Channel '[id: 0x40aa9c02, L:/127.0.0.1:61573 - R:localhost/127.0.0.1:61566]' for 'GET' to '/devtools/browser/0836a56a-0548-42bb-bcf5-64cc4e3fb962'
[DEBUG] 

Request DefaultFullHttpRequest(decodeResult: success, version: HTTP/1.1, content: EmptyByteBufBE)
GET /devtools/browser/0836a56a-0548-42bb-bcf5-64cc4e3fb962 HTTP/1.1
upgrade: websocket
connection: upgrade
sec-websocket-key: in4ay8TKQO95mPw51HiLew==
sec-websocket-version: 13
origin: http://localhost:61566
host: localhost:61566
accept: */*
user-agent: AHC/2.1

Response DefaultHttpResponse(decodeResult: success, version: HTTP/1.1)
HTTP/1.1 101 WebSocket Protocol Handshake
Upgrade: WebSocket
Connection: Upgrade
Sec-WebSocket-Accept: gV60udWZUe7E4jAQFyF1t+bxn10=

[DEBUG] Using pooled Channel '[id: 0xbc782bbd, L:/127.0.0.1:61565 - R:localhost/127.0.0.1:32891]' for 'POST' to 'http://localhost:32891/session/dad4cd86edfb2ee0080f5d42df07aa40/window/maximize'
[DEBUG] Using open Channel [id: 0xbc782bbd, L:/127.0.0.1:61565 - R:localhost/127.0.0.1:32891] for POST '/session/dad4cd86edfb2ee0080f5d42df07aa40/window/maximize'
[DEBUG] 

Request DefaultHttpRequest(decodeResult: success, version: HTTP/1.1)
POST /session/dad4cd86edfb2ee0080f5d42df07aa40/window/maximize HTTP/1.1
User-Agent: selenium/4.13.0 (java windows)
Content-Length: 3
Content-Type: application/json; charset=utf-8
host: localhost:32891
accept: */*

Response DefaultHttpResponse(decodeResult: success, version: HTTP/1.1)
HTTP/1.1 200 OK
Content-Length: 51
Content-Type: application/json; charset=utf-8
cache-control: no-cache

[DEBUG] Adding key: http://localhost:32891 for channel [id: 0xbc782bbd, L:/127.0.0.1:61565 - R:localhost/127.0.0.1:32891]
[DEBUG] Using pooled Channel '[id: 0xbc782bbd, L:/127.0.0.1:61565 - R:localhost/127.0.0.1:32891]' for 'POST' to 'http://localhost:32891/session/dad4cd86edfb2ee0080f5d42df07aa40/timeouts'
[DEBUG] Using open Channel [id: 0xbc782bbd, L:/127.0.0.1:61565 - R:localhost/127.0.0.1:32891] for POST '/session/dad4cd86edfb2ee0080f5d42df07aa40/timeouts'
[DEBUG] 

Request DefaultHttpRequest(decodeResult: success, version: HTTP/1.1)
POST /session/dad4cd86edfb2ee0080f5d42df07aa40/timeouts HTTP/1.1
User-Agent: selenium/4.13.0 (java windows)
Content-Length: 23
Content-Type: application/json; charset=utf-8
host: localhost:32891
accept: */*

Response DefaultHttpResponse(decodeResult: success, version: HTTP/1.1)
HTTP/1.1 200 OK
Content-Length: 14
Content-Type: application/json; charset=utf-8
cache-control: no-cache

[DEBUG] Adding key: http://localhost:32891 for channel [id: 0xbc782bbd, L:/127.0.0.1:61565 - R:localhost/127.0.0.1:32891]
[DEBUG] Using pooled Channel '[id: 0xbc782bbd, L:/127.0.0.1:61565 - R:localhost/127.0.0.1:32891]' for 'POST' to 'http://localhost:32891/session/dad4cd86edfb2ee0080f5d42df07aa40/timeouts'
[DEBUG] Using open Channel [id: 0xbc782bbd, L:/127.0.0.1:61565 - R:localhost/127.0.0.1:32891] for POST '/session/dad4cd86edfb2ee0080f5d42df07aa40/timeouts'
[DEBUG] 

Request DefaultHttpRequest(decodeResult: success, version: HTTP/1.1)
POST /session/dad4cd86edfb2ee0080f5d42df07aa40/timeouts HTTP/1.1
User-Agent: selenium/4.13.0 (java windows)
Content-Length: 23
Content-Type: application/json; charset=utf-8
host: localhost:32891
accept: */*

Response DefaultHttpResponse(decodeResult: success, version: HTTP/1.1)
HTTP/1.1 200 OK
Content-Length: 14
Content-Type: application/json; charset=utf-8
cache-control: no-cache

[DEBUG] Adding key: http://localhost:32891 for channel [id: 0xbc782bbd, L:/127.0.0.1:61565 - R:localhost/127.0.0.1:32891]
[DEBUG] Using pooled Channel '[id: 0xbc782bbd, L:/127.0.0.1:61565 - R:localhost/127.0.0.1:32891]' for 'POST' to 'http://localhost:32891/session/dad4cd86edfb2ee0080f5d42df07aa40/url'
[DEBUG] Using open Channel [id: 0xbc782bbd, L:/127.0.0.1:61565 - R:localhost/127.0.0.1:32891] for POST '/session/dad4cd86edfb2ee0080f5d42df07aa40/url'
[DEBUG] Entry count for : http://localhost:61566 : 1
[DEBUG] Entry count for : http://localhost:61566 : 1
[DEBUG] Entry count for : http://localhost:61566 : 1
[DEBUG] 

Request DefaultHttpRequest(decodeResult: success, version: HTTP/1.1)
POST /session/dad4cd86edfb2ee0080f5d42df07aa40/url HTTP/1.1
User-Agent: selenium/4.13.0 (java windows)
Content-Length: 60
Content-Type: application/json; charset=utf-8
host: localhost:32891
accept: */*

Response DefaultHttpResponse(decodeResult: success, version: HTTP/1.1)
HTTP/1.1 200 OK
Content-Length: 14
Content-Type: application/json; charset=utf-8
cache-control: no-cache

[DEBUG] Adding key: http://localhost:32891 for channel [id: 0xbc782bbd, L:/127.0.0.1:61565 - R:localhost/127.0.0.1:32891]
[DEBUG] Using pooled Channel '[id: 0xbc782bbd, L:/127.0.0.1:61565 - R:localhost/127.0.0.1:32891]' for 'POST' to 'http://localhost:32891/session/dad4cd86edfb2ee0080f5d42df07aa40/element'
[DEBUG] Using open Channel [id: 0xbc782bbd, L:/127.0.0.1:61565 - R:localhost/127.0.0.1:32891] for POST '/session/dad4cd86edfb2ee0080f5d42df07aa40/element'
[DEBUG] 

Request DefaultHttpRequest(decodeResult: success, version: HTTP/1.1)
POST /session/dad4cd86edfb2ee0080f5d42df07aa40/element HTTP/1.1
User-Agent: selenium/4.13.0 (java windows)
Content-Length: 76
Content-Type: application/json; charset=utf-8
host: localhost:32891
accept: */*

Response DefaultHttpResponse(decodeResult: success, version: HTTP/1.1)
HTTP/1.1 200 OK
Content-Length: 126
Content-Type: application/json; charset=utf-8
cache-control: no-cache

[DEBUG] Adding key: http://localhost:32891 for channel [id: 0xbc782bbd, L:/127.0.0.1:61565 - R:localhost/127.0.0.1:32891]
[DEBUG] Using pooled Channel '[id: 0xbc782bbd, L:/127.0.0.1:61565 - R:localhost/127.0.0.1:32891]' for 'POST' to 'http://localhost:32891/session/dad4cd86edfb2ee0080f5d42df07aa40/element/f.6377003F68A414B043DF967986589C8F.d.25AF63ECBAA271FA6A5C268266F21945.e.89/click'
[DEBUG] Using open Channel [id: 0xbc782bbd, L:/127.0.0.1:61565 - R:localhost/127.0.0.1:32891] for POST '/session/dad4cd86edfb2ee0080f5d42df07aa40/element/f.6377003F68A414B043DF967986589C8F.d.25AF63ECBAA271FA6A5C268266F21945.e.89/click'
[DEBUG] 

Request DefaultHttpRequest(decodeResult: success, version: HTTP/1.1)
POST /session/dad4cd86edfb2ee0080f5d42df07aa40/element/f.6377003F68A414B043DF967986589C8F.d.25AF63ECBAA271FA6A5C268266F21945.e.89/click HTTP/1.1
User-Agent: selenium/4.13.0 (java windows)
Content-Length: 88
Content-Type: application/json; charset=utf-8
host: localhost:32891
accept: */*

Response DefaultHttpResponse(decodeResult: success, version: HTTP/1.1)
HTTP/1.1 200 OK
Content-Length: 14
Content-Type: application/json; charset=utf-8
cache-control: no-cache

[DEBUG] Adding key: http://localhost:32891 for channel [id: 0xbc782bbd, L:/127.0.0.1:61565 - R:localhost/127.0.0.1:32891]
[DEBUG] Using pooled Channel '[id: 0xbc782bbd, L:/127.0.0.1:61565 - R:localhost/127.0.0.1:32891]' for 'POST' to 'http://localhost:32891/session/dad4cd86edfb2ee0080f5d42df07aa40/element'
[DEBUG] Using open Channel [id: 0xbc782bbd, L:/127.0.0.1:61565 - R:localhost/127.0.0.1:32891] for POST '/session/dad4cd86edfb2ee0080f5d42df07aa40/element'
[DEBUG] 

Request DefaultHttpRequest(decodeResult: success, version: HTTP/1.1)
POST /session/dad4cd86edfb2ee0080f5d42df07aa40/element HTTP/1.1
User-Agent: selenium/4.13.0 (java windows)
Content-Length: 49
Content-Type: application/json; charset=utf-8
host: localhost:32891
accept: */*

Response DefaultHttpResponse(decodeResult: success, version: HTTP/1.1)
HTTP/1.1 200 OK
Content-Length: 126
Content-Type: application/json; charset=utf-8
cache-control: no-cache

[DEBUG] Adding key: http://localhost:32891 for channel [id: 0xbc782bbd, L:/127.0.0.1:61565 - R:localhost/127.0.0.1:32891]
[DEBUG] Using pooled Channel '[id: 0xbc782bbd, L:/127.0.0.1:61565 - R:localhost/127.0.0.1:32891]' for 'POST' to 'http://localhost:32891/session/dad4cd86edfb2ee0080f5d42df07aa40/element/f.6377003F68A414B043DF967986589C8F.d.25AF63ECBAA271FA6A5C268266F21945.e.94/click'
[DEBUG] Using open Channel [id: 0xbc782bbd, L:/127.0.0.1:61565 - R:localhost/127.0.0.1:32891] for POST '/session/dad4cd86edfb2ee0080f5d42df07aa40/element/f.6377003F68A414B043DF967986589C8F.d.25AF63ECBAA271FA6A5C268266F21945.e.94/click'
[DEBUG] Entry count for : http://localhost:61566 : 1
[DEBUG] 

Request DefaultHttpRequest(decodeResult: success, version: HTTP/1.1)
POST /session/dad4cd86edfb2ee0080f5d42df07aa40/element/f.6377003F68A414B043DF967986589C8F.d.25AF63ECBAA271FA6A5C268266F21945.e.94/click HTTP/1.1
User-Agent: selenium/4.13.0 (java windows)
Content-Length: 88
Content-Type: application/json; charset=utf-8
host: localhost:32891
accept: */*

Response DefaultHttpResponse(decodeResult: success, version: HTTP/1.1)
HTTP/1.1 200 OK
Content-Length: 14
Content-Type: application/json; charset=utf-8
cache-control: no-cache

[DEBUG] Adding key: http://localhost:32891 for channel [id: 0xbc782bbd, L:/127.0.0.1:61565 - R:localhost/127.0.0.1:32891]
[DEBUG] Using pooled Channel '[id: 0xbc782bbd, L:/127.0.0.1:61565 - R:localhost/127.0.0.1:32891]' for 'POST' to 'http://localhost:32891/session/dad4cd86edfb2ee0080f5d42df07aa40/element'
[DEBUG] Using open Channel [id: 0xbc782bbd, L:/127.0.0.1:61565 - R:localhost/127.0.0.1:32891] for POST '/session/dad4cd86edfb2ee0080f5d42df07aa40/element'
[DEBUG] 

Request DefaultHttpRequest(decodeResult: success, version: HTTP/1.1)
POST /session/dad4cd86edfb2ee0080f5d42df07aa40/element HTTP/1.1
User-Agent: selenium/4.13.0 (java windows)
Content-Length: 62
Content-Type: application/json; charset=utf-8
host: localhost:32891
accept: */*

Response DefaultHttpResponse(decodeResult: success, version: HTTP/1.1)
HTTP/1.1 200 OK
Content-Length: 126
Content-Type: application/json; charset=utf-8
cache-control: no-cache

[DEBUG] Adding key: http://localhost:32891 for channel [id: 0xbc782bbd, L:/127.0.0.1:61565 - R:localhost/127.0.0.1:32891]
[DEBUG] Using pooled Channel '[id: 0xbc782bbd, L:/127.0.0.1:61565 - R:localhost/127.0.0.1:32891]' for 'POST' to 'http://localhost:32891/session/dad4cd86edfb2ee0080f5d42df07aa40/element/f.6377003F68A414B043DF967986589C8F.d.E6813A27C558A76C2E7998CC03B12492.e.98/value'
[DEBUG] Using open Channel [id: 0xbc782bbd, L:/127.0.0.1:61565 - R:localhost/127.0.0.1:32891] for POST '/session/dad4cd86edfb2ee0080f5d42df07aa40/element/f.6377003F68A414B043DF967986589C8F.d.E6813A27C558A76C2E7998CC03B12492.e.98/value'
[DEBUG] 

Request DefaultHttpRequest(decodeResult: success, version: HTTP/1.1)
POST /session/dad4cd86edfb2ee0080f5d42df07aa40/element/f.6377003F68A414B043DF967986589C8F.d.E6813A27C558A76C2E7998CC03B12492.e.98/value HTTP/1.1
User-Agent: selenium/4.13.0 (java windows)
Content-Length: 199
Content-Type: application/json; charset=utf-8
host: localhost:32891
accept: */*

Response DefaultHttpResponse(decodeResult: success, version: HTTP/1.1)
HTTP/1.1 200 OK
Content-Length: 14
Content-Type: application/json; charset=utf-8
cache-control: no-cache

[DEBUG] Adding key: http://localhost:32891 for channel [id: 0xbc782bbd, L:/127.0.0.1:61565 - R:localhost/127.0.0.1:32891]
[DEBUG] Using pooled Channel '[id: 0xbc782bbd, L:/127.0.0.1:61565 - R:localhost/127.0.0.1:32891]' for 'POST' to 'http://localhost:32891/session/dad4cd86edfb2ee0080f5d42df07aa40/element'
[DEBUG] Using open Channel [id: 0xbc782bbd, L:/127.0.0.1:61565 - R:localhost/127.0.0.1:32891] for POST '/session/dad4cd86edfb2ee0080f5d42df07aa40/element'
[DEBUG] 

Request DefaultHttpRequest(decodeResult: success, version: HTTP/1.1)
POST /session/dad4cd86edfb2ee0080f5d42df07aa40/element HTTP/1.1
User-Agent: selenium/4.13.0 (java windows)
Content-Length: 61
Content-Type: application/json; charset=utf-8
host: localhost:32891
accept: */*

Response DefaultHttpResponse(decodeResult: success, version: HTTP/1.1)
HTTP/1.1 200 OK
Content-Length: 126
Content-Type: application/json; charset=utf-8
cache-control: no-cache

[DEBUG] Adding key: http://localhost:32891 for channel [id: 0xbc782bbd, L:/127.0.0.1:61565 - R:localhost/127.0.0.1:32891]
[DEBUG] Using pooled Channel '[id: 0xbc782bbd, L:/127.0.0.1:61565 - R:localhost/127.0.0.1:32891]' for 'POST' to 'http://localhost:32891/session/dad4cd86edfb2ee0080f5d42df07aa40/element/f.6377003F68A414B043DF967986589C8F.d.E6813A27C558A76C2E7998CC03B12492.e.99/value'
[DEBUG] Using open Channel [id: 0xbc782bbd, L:/127.0.0.1:61565 - R:localhost/127.0.0.1:32891] for POST '/session/dad4cd86edfb2ee0080f5d42df07aa40/element/f.6377003F68A414B043DF967986589C8F.d.E6813A27C558A76C2E7998CC03B12492.e.99/value'
[DEBUG] 

Request DefaultHttpRequest(decodeResult: success, version: HTTP/1.1)
POST /session/dad4cd86edfb2ee0080f5d42df07aa40/element/f.6377003F68A414B043DF967986589C8F.d.E6813A27C558A76C2E7998CC03B12492.e.99/value HTTP/1.1
User-Agent: selenium/4.13.0 (java windows)
Content-Length: 189
Content-Type: application/json; charset=utf-8
host: localhost:32891
accept: */*

Response DefaultHttpResponse(decodeResult: success, version: HTTP/1.1)
HTTP/1.1 200 OK
Content-Length: 14
Content-Type: application/json; charset=utf-8
cache-control: no-cache

[DEBUG] Adding key: http://localhost:32891 for channel [id: 0xbc782bbd, L:/127.0.0.1:61565 - R:localhost/127.0.0.1:32891]
[DEBUG] Using pooled Channel '[id: 0xbc782bbd, L:/127.0.0.1:61565 - R:localhost/127.0.0.1:32891]' for 'POST' to 'http://localhost:32891/session/dad4cd86edfb2ee0080f5d42df07aa40/element'
[DEBUG] Using open Channel [id: 0xbc782bbd, L:/127.0.0.1:61565 - R:localhost/127.0.0.1:32891] for POST '/session/dad4cd86edfb2ee0080f5d42df07aa40/element'
[DEBUG] 

Request DefaultHttpRequest(decodeResult: success, version: HTTP/1.1)
POST /session/dad4cd86edfb2ee0080f5d42df07aa40/element HTTP/1.1
User-Agent: selenium/4.13.0 (java windows)
Content-Length: 58
Content-Type: application/json; charset=utf-8
host: localhost:32891
accept: */*

Response DefaultHttpResponse(decodeResult: success, version: HTTP/1.1)
HTTP/1.1 200 OK
Content-Length: 127
Content-Type: application/json; charset=utf-8
cache-control: no-cache

[DEBUG] Adding key: http://localhost:32891 for channel [id: 0xbc782bbd, L:/127.0.0.1:61565 - R:localhost/127.0.0.1:32891]
[DEBUG] Using pooled Channel '[id: 0xbc782bbd, L:/127.0.0.1:61565 - R:localhost/127.0.0.1:32891]' for 'POST' to 'http://localhost:32891/session/dad4cd86edfb2ee0080f5d42df07aa40/element/f.6377003F68A414B043DF967986589C8F.d.E6813A27C558A76C2E7998CC03B12492.e.100/value'
[DEBUG] Using open Channel [id: 0xbc782bbd, L:/127.0.0.1:61565 - R:localhost/127.0.0.1:32891] for POST '/session/dad4cd86edfb2ee0080f5d42df07aa40/element/f.6377003F68A414B043DF967986589C8F.d.E6813A27C558A76C2E7998CC03B12492.e.100/value'
[DEBUG] 

Request DefaultHttpRequest(decodeResult: success, version: HTTP/1.1)
POST /session/dad4cd86edfb2ee0080f5d42df07aa40/element/f.6377003F68A414B043DF967986589C8F.d.E6813A27C558A76C2E7998CC03B12492.e.100/value HTTP/1.1
User-Agent: selenium/4.13.0 (java windows)
Content-Length: 390
Content-Type: application/json; charset=utf-8
host: localhost:32891
accept: */*

Response DefaultHttpResponse(decodeResult: success, version: HTTP/1.1)
HTTP/1.1 200 OK
Content-Length: 14
Content-Type: application/json; charset=utf-8
cache-control: no-cache

[DEBUG] Adding key: http://localhost:32891 for channel [id: 0xbc782bbd, L:/127.0.0.1:61565 - R:localhost/127.0.0.1:32891]
[DEBUG] Using pooled Channel '[id: 0xbc782bbd, L:/127.0.0.1:61565 - R:localhost/127.0.0.1:32891]' for 'POST' to 'http://localhost:32891/session/dad4cd86edfb2ee0080f5d42df07aa40/element'
[DEBUG] Using open Channel [id: 0xbc782bbd, L:/127.0.0.1:61565 - R:localhost/127.0.0.1:32891] for POST '/session/dad4cd86edfb2ee0080f5d42df07aa40/element'
[DEBUG] 

Request DefaultHttpRequest(decodeResult: success, version: HTTP/1.1)
POST /session/dad4cd86edfb2ee0080f5d42df07aa40/element HTTP/1.1
User-Agent: selenium/4.13.0 (java windows)
Content-Length: 62
Content-Type: application/json; charset=utf-8
host: localhost:32891
accept: */*

Response DefaultHttpResponse(decodeResult: success, version: HTTP/1.1)
HTTP/1.1 200 OK
Content-Length: 127
Content-Type: application/json; charset=utf-8
cache-control: no-cache

[DEBUG] Adding key: http://localhost:32891 for channel [id: 0xbc782bbd, L:/127.0.0.1:61565 - R:localhost/127.0.0.1:32891]
[DEBUG] Using pooled Channel '[id: 0xbc782bbd, L:/127.0.0.1:61565 - R:localhost/127.0.0.1:32891]' for 'POST' to 'http://localhost:32891/session/dad4cd86edfb2ee0080f5d42df07aa40/element/f.6377003F68A414B043DF967986589C8F.d.E6813A27C558A76C2E7998CC03B12492.e.101/value'
[DEBUG] Using open Channel [id: 0xbc782bbd, L:/127.0.0.1:61565 - R:localhost/127.0.0.1:32891] for POST '/session/dad4cd86edfb2ee0080f5d42df07aa40/element/f.6377003F68A414B043DF967986589C8F.d.E6813A27C558A76C2E7998CC03B12492.e.101/value'
[DEBUG] 

Request DefaultHttpRequest(decodeResult: success, version: HTTP/1.1)
POST /session/dad4cd86edfb2ee0080f5d42df07aa40/element/f.6377003F68A414B043DF967986589C8F.d.E6813A27C558A76C2E7998CC03B12492.e.101/value HTTP/1.1
User-Agent: selenium/4.13.0 (java windows)
Content-Length: 230
Content-Type: application/json; charset=utf-8
host: localhost:32891
accept: */*

Response DefaultHttpResponse(decodeResult: success, version: HTTP/1.1)
HTTP/1.1 200 OK
Content-Length: 14
Content-Type: application/json; charset=utf-8
cache-control: no-cache

[DEBUG] Adding key: http://localhost:32891 for channel [id: 0xbc782bbd, L:/127.0.0.1:61565 - R:localhost/127.0.0.1:32891]
[DEBUG] Using pooled Channel '[id: 0xbc782bbd, L:/127.0.0.1:61565 - R:localhost/127.0.0.1:32891]' for 'POST' to 'http://localhost:32891/session/dad4cd86edfb2ee0080f5d42df07aa40/element'
[DEBUG] Using open Channel [id: 0xbc782bbd, L:/127.0.0.1:61565 - R:localhost/127.0.0.1:32891] for POST '/session/dad4cd86edfb2ee0080f5d42df07aa40/element'
[DEBUG] 

Request DefaultHttpRequest(decodeResult: success, version: HTTP/1.1)
POST /session/dad4cd86edfb2ee0080f5d42df07aa40/element HTTP/1.1
User-Agent: selenium/4.13.0 (java windows)
Content-Length: 61
Content-Type: application/json; charset=utf-8
host: localhost:32891
accept: */*

Response DefaultHttpResponse(decodeResult: success, version: HTTP/1.1)
HTTP/1.1 200 OK
Content-Length: 127
Content-Type: application/json; charset=utf-8
cache-control: no-cache

[DEBUG] Adding key: http://localhost:32891 for channel [id: 0xbc782bbd, L:/127.0.0.1:61565 - R:localhost/127.0.0.1:32891]
[DEBUG] Using pooled Channel '[id: 0xbc782bbd, L:/127.0.0.1:61565 - R:localhost/127.0.0.1:32891]' for 'POST' to 'http://localhost:32891/session/dad4cd86edfb2ee0080f5d42df07aa40/element/f.6377003F68A414B043DF967986589C8F.d.E6813A27C558A76C2E7998CC03B12492.e.102/value'
[DEBUG] Using open Channel [id: 0xbc782bbd, L:/127.0.0.1:61565 - R:localhost/127.0.0.1:32891] for POST '/session/dad4cd86edfb2ee0080f5d42df07aa40/element/f.6377003F68A414B043DF967986589C8F.d.E6813A27C558A76C2E7998CC03B12492.e.102/value'
[DEBUG] 

Request DefaultHttpRequest(decodeResult: success, version: HTTP/1.1)
POST /session/dad4cd86edfb2ee0080f5d42df07aa40/element/f.6377003F68A414B043DF967986589C8F.d.E6813A27C558A76C2E7998CC03B12492.e.102/value HTTP/1.1
User-Agent: selenium/4.13.0 (java windows)
Content-Length: 240
Content-Type: application/json; charset=utf-8
host: localhost:32891
accept: */*

Response DefaultHttpResponse(decodeResult: success, version: HTTP/1.1)
HTTP/1.1 200 OK
Content-Length: 14
Content-Type: application/json; charset=utf-8
cache-control: no-cache

[DEBUG] Adding key: http://localhost:32891 for channel [id: 0xbc782bbd, L:/127.0.0.1:61565 - R:localhost/127.0.0.1:32891]
[DEBUG] Using pooled Channel '[id: 0xbc782bbd, L:/127.0.0.1:61565 - R:localhost/127.0.0.1:32891]' for 'POST' to 'http://localhost:32891/session/dad4cd86edfb2ee0080f5d42df07aa40/element'
[DEBUG] Using open Channel [id: 0xbc782bbd, L:/127.0.0.1:61565 - R:localhost/127.0.0.1:32891] for POST '/session/dad4cd86edfb2ee0080f5d42df07aa40/element'
[DEBUG] 

Request DefaultHttpRequest(decodeResult: success, version: HTTP/1.1)
POST /session/dad4cd86edfb2ee0080f5d42df07aa40/element HTTP/1.1
User-Agent: selenium/4.13.0 (java windows)
Content-Length: 60
Content-Type: application/json; charset=utf-8
host: localhost:32891
accept: */*

Response DefaultHttpResponse(decodeResult: success, version: HTTP/1.1)
HTTP/1.1 200 OK
Content-Length: 127
Content-Type: application/json; charset=utf-8
cache-control: no-cache

[DEBUG] Adding key: http://localhost:32891 for channel [id: 0xbc782bbd, L:/127.0.0.1:61565 - R:localhost/127.0.0.1:32891]
[DEBUG] Using pooled Channel '[id: 0xbc782bbd, L:/127.0.0.1:61565 - R:localhost/127.0.0.1:32891]' for 'POST' to 'http://localhost:32891/session/dad4cd86edfb2ee0080f5d42df07aa40/element/f.6377003F68A414B043DF967986589C8F.d.E6813A27C558A76C2E7998CC03B12492.e.103/value'
[DEBUG] Using open Channel [id: 0xbc782bbd, L:/127.0.0.1:61565 - R:localhost/127.0.0.1:32891] for POST '/session/dad4cd86edfb2ee0080f5d42df07aa40/element/f.6377003F68A414B043DF967986589C8F.d.E6813A27C558A76C2E7998CC03B12492.e.103/value'
[DEBUG] 

Request DefaultHttpRequest(decodeResult: success, version: HTTP/1.1)
POST /session/dad4cd86edfb2ee0080f5d42df07aa40/element/f.6377003F68A414B043DF967986589C8F.d.E6813A27C558A76C2E7998CC03B12492.e.103/value HTTP/1.1
User-Agent: selenium/4.13.0 (java windows)
Content-Length: 240
Content-Type: application/json; charset=utf-8
host: localhost:32891
accept: */*

Response DefaultHttpResponse(decodeResult: success, version: HTTP/1.1)
HTTP/1.1 200 OK
Content-Length: 14
Content-Type: application/json; charset=utf-8
cache-control: no-cache

[DEBUG] Adding key: http://localhost:32891 for channel [id: 0xbc782bbd, L:/127.0.0.1:61565 - R:localhost/127.0.0.1:32891]
[DEBUG] Using pooled Channel '[id: 0xbc782bbd, L:/127.0.0.1:61565 - R:localhost/127.0.0.1:32891]' for 'POST' to 'http://localhost:32891/session/dad4cd86edfb2ee0080f5d42df07aa40/element'
[DEBUG] Using open Channel [id: 0xbc782bbd, L:/127.0.0.1:61565 - R:localhost/127.0.0.1:32891] for POST '/session/dad4cd86edfb2ee0080f5d42df07aa40/element'
[DEBUG] 

Request DefaultHttpRequest(decodeResult: success, version: HTTP/1.1)
POST /session/dad4cd86edfb2ee0080f5d42df07aa40/element HTTP/1.1
User-Agent: selenium/4.13.0 (java windows)
Content-Length: 90
Content-Type: application/json; charset=utf-8
host: localhost:32891
accept: */*

Response DefaultHttpResponse(decodeResult: success, version: HTTP/1.1)
HTTP/1.1 200 OK
Content-Length: 127
Content-Type: application/json; charset=utf-8
cache-control: no-cache

[DEBUG] Adding key: http://localhost:32891 for channel [id: 0xbc782bbd, L:/127.0.0.1:61565 - R:localhost/127.0.0.1:32891]
[DEBUG] Using pooled Channel '[id: 0xbc782bbd, L:/127.0.0.1:61565 - R:localhost/127.0.0.1:32891]' for 'POST' to 'http://localhost:32891/session/dad4cd86edfb2ee0080f5d42df07aa40/element/f.6377003F68A414B043DF967986589C8F.d.E6813A27C558A76C2E7998CC03B12492.e.104/click'
[DEBUG] Using open Channel [id: 0xbc782bbd, L:/127.0.0.1:61565 - R:localhost/127.0.0.1:32891] for POST '/session/dad4cd86edfb2ee0080f5d42df07aa40/element/f.6377003F68A414B043DF967986589C8F.d.E6813A27C558A76C2E7998CC03B12492.e.104/click'
[DEBUG] 

Request DefaultHttpRequest(decodeResult: success, version: HTTP/1.1)
POST /session/dad4cd86edfb2ee0080f5d42df07aa40/element/f.6377003F68A414B043DF967986589C8F.d.E6813A27C558A76C2E7998CC03B12492.e.104/click HTTP/1.1
User-Agent: selenium/4.13.0 (java windows)
Content-Length: 89
Content-Type: application/json; charset=utf-8
host: localhost:32891
accept: */*

Response DefaultHttpResponse(decodeResult: success, version: HTTP/1.1)
HTTP/1.1 200 OK
Content-Length: 14
Content-Type: application/json; charset=utf-8
cache-control: no-cache

[DEBUG] Adding key: http://localhost:32891 for channel [id: 0xbc782bbd, L:/127.0.0.1:61565 - R:localhost/127.0.0.1:32891]
[DEBUG] Using pooled Channel '[id: 0xbc782bbd, L:/127.0.0.1:61565 - R:localhost/127.0.0.1:32891]' for 'POST' to 'http://localhost:32891/session/dad4cd86edfb2ee0080f5d42df07aa40/element'
[DEBUG] Using open Channel [id: 0xbc782bbd, L:/127.0.0.1:61565 - R:localhost/127.0.0.1:32891] for POST '/session/dad4cd86edfb2ee0080f5d42df07aa40/element'
[DEBUG] 

Request DefaultHttpRequest(decodeResult: success, version: HTTP/1.1)
POST /session/dad4cd86edfb2ee0080f5d42df07aa40/element HTTP/1.1
User-Agent: selenium/4.13.0 (java windows)
Content-Length: 59
Content-Type: application/json; charset=utf-8
host: localhost:32891
accept: */*

Response DefaultHttpResponse(decodeResult: success, version: HTTP/1.1)
HTTP/1.1 200 OK
Content-Length: 127
Content-Type: application/json; charset=utf-8
cache-control: no-cache

[DEBUG] Adding key: http://localhost:32891 for channel [id: 0xbc782bbd, L:/127.0.0.1:61565 - R:localhost/127.0.0.1:32891]
[DEBUG] Using pooled Channel '[id: 0xbc782bbd, L:/127.0.0.1:61565 - R:localhost/127.0.0.1:32891]' for 'POST' to 'http://localhost:32891/session/dad4cd86edfb2ee0080f5d42df07aa40/element/f.6377003F68A414B043DF967986589C8F.d.E6813A27C558A76C2E7998CC03B12492.e.107/click'
[DEBUG] Using open Channel [id: 0xbc782bbd, L:/127.0.0.1:61565 - R:localhost/127.0.0.1:32891] for POST '/session/dad4cd86edfb2ee0080f5d42df07aa40/element/f.6377003F68A414B043DF967986589C8F.d.E6813A27C558A76C2E7998CC03B12492.e.107/click'
[DEBUG] Entry count for : http://localhost:61566 : 1
[DEBUG] 

Request DefaultHttpRequest(decodeResult: success, version: HTTP/1.1)
POST /session/dad4cd86edfb2ee0080f5d42df07aa40/element/f.6377003F68A414B043DF967986589C8F.d.E6813A27C558A76C2E7998CC03B12492.e.107/click HTTP/1.1
User-Agent: selenium/4.13.0 (java windows)
Content-Length: 89
Content-Type: application/json; charset=utf-8
host: localhost:32891
accept: */*

Response DefaultHttpResponse(decodeResult: success, version: HTTP/1.1)
HTTP/1.1 200 OK
Content-Length: 14
Content-Type: application/json; charset=utf-8
cache-control: no-cache

[DEBUG] Adding key: http://localhost:32891 for channel [id: 0xbc782bbd, L:/127.0.0.1:61565 - R:localhost/127.0.0.1:32891]
[DEBUG] Using pooled Channel '[id: 0xbc782bbd, L:/127.0.0.1:61565 - R:localhost/127.0.0.1:32891]' for 'POST' to 'http://localhost:32891/session/dad4cd86edfb2ee0080f5d42df07aa40/element'
[DEBUG] Using open Channel [id: 0xbc782bbd, L:/127.0.0.1:61565 - R:localhost/127.0.0.1:32891] for POST '/session/dad4cd86edfb2ee0080f5d42df07aa40/element'
[DEBUG] 

Request DefaultHttpRequest(decodeResult: success, version: HTTP/1.1)
POST /session/dad4cd86edfb2ee0080f5d42df07aa40/element HTTP/1.1
User-Agent: selenium/4.13.0 (java windows)
Content-Length: 65
Content-Type: application/json; charset=utf-8
host: localhost:32891
accept: */*

Response DefaultHttpResponse(decodeResult: success, version: HTTP/1.1)
HTTP/1.1 200 OK
Content-Length: 127
Content-Type: application/json; charset=utf-8
cache-control: no-cache

[DEBUG] Adding key: http://localhost:32891 for channel [id: 0xbc782bbd, L:/127.0.0.1:61565 - R:localhost/127.0.0.1:32891]
[DEBUG] Using pooled Channel '[id: 0xbc782bbd, L:/127.0.0.1:61565 - R:localhost/127.0.0.1:32891]' for 'POST' to 'http://localhost:32891/session/dad4cd86edfb2ee0080f5d42df07aa40/element/f.6377003F68A414B043DF967986589C8F.d.E6813A27C558A76C2E7998CC03B12492.e.119/click'
[DEBUG] Using open Channel [id: 0xbc782bbd, L:/127.0.0.1:61565 - R:localhost/127.0.0.1:32891] for POST '/session/dad4cd86edfb2ee0080f5d42df07aa40/element/f.6377003F68A414B043DF967986589C8F.d.E6813A27C558A76C2E7998CC03B12492.e.119/click'
[DEBUG] 

Request DefaultHttpRequest(decodeResult: success, version: HTTP/1.1)
POST /session/dad4cd86edfb2ee0080f5d42df07aa40/element/f.6377003F68A414B043DF967986589C8F.d.E6813A27C558A76C2E7998CC03B12492.e.119/click HTTP/1.1
User-Agent: selenium/4.13.0 (java windows)
Content-Length: 89
Content-Type: application/json; charset=utf-8
host: localhost:32891
accept: */*

Response DefaultHttpResponse(decodeResult: success, version: HTTP/1.1)
HTTP/1.1 200 OK
Content-Length: 14
Content-Type: application/json; charset=utf-8
cache-control: no-cache

[DEBUG] Adding key: http://localhost:32891 for channel [id: 0xbc782bbd, L:/127.0.0.1:61565 - R:localhost/127.0.0.1:32891]
[DEBUG] Using pooled Channel '[id: 0xbc782bbd, L:/127.0.0.1:61565 - R:localhost/127.0.0.1:32891]' for 'POST' to 'http://localhost:32891/session/dad4cd86edfb2ee0080f5d42df07aa40/element'
[DEBUG] Using open Channel [id: 0xbc782bbd, L:/127.0.0.1:61565 - R:localhost/127.0.0.1:32891] for POST '/session/dad4cd86edfb2ee0080f5d42df07aa40/element'
[DEBUG] Entry count for : http://localhost:61566 : 1
[DEBUG] 

Request DefaultHttpRequest(decodeResult: success, version: HTTP/1.1)
POST /session/dad4cd86edfb2ee0080f5d42df07aa40/element HTTP/1.1
User-Agent: selenium/4.13.0 (java windows)
Content-Length: 77
Content-Type: application/json; charset=utf-8
host: localhost:32891
accept: */*

Response DefaultHttpResponse(decodeResult: success, version: HTTP/1.1)
HTTP/1.1 200 OK
Content-Length: 127
Content-Type: application/json; charset=utf-8
cache-control: no-cache

[DEBUG] Adding key: http://localhost:32891 for channel [id: 0xbc782bbd, L:/127.0.0.1:61565 - R:localhost/127.0.0.1:32891]
[DEBUG] Using pooled Channel '[id: 0xbc782bbd, L:/127.0.0.1:61565 - R:localhost/127.0.0.1:32891]' for 'GET' to 'http://localhost:32891/session/dad4cd86edfb2ee0080f5d42df07aa40/element/f.6377003F68A414B043DF967986589C8F.d.66750E60B703D034700478B037A3E169.e.159/text'
[DEBUG] Using open Channel [id: 0xbc782bbd, L:/127.0.0.1:61565 - R:localhost/127.0.0.1:32891] for GET '/session/dad4cd86edfb2ee0080f5d42df07aa40/element/f.6377003F68A414B043DF967986589C8F.d.66750E60B703D034700478B037A3E169.e.159/text'
[DEBUG] 

Request DefaultFullHttpRequest(decodeResult: success, version: HTTP/1.1, content: EmptyByteBufBE)
GET /session/dad4cd86edfb2ee0080f5d42df07aa40/element/f.6377003F68A414B043DF967986589C8F.d.66750E60B703D034700478B037A3E169.e.159/text HTTP/1.1
Cache-Control: no-cache
User-Agent: selenium/4.13.0 (java windows)
Content-Type: application/json; charset=utf-8
host: localhost:32891
accept: */*

Response DefaultHttpResponse(decodeResult: success, version: HTTP/1.1)
HTTP/1.1 200 OK
Content-Length: 28
Content-Type: application/json; charset=utf-8
cache-control: no-cache

[DEBUG] Adding key: http://localhost:32891 for channel [id: 0xbc782bbd, L:/127.0.0.1:61565 - R:localhost/127.0.0.1:32891]
]]></system-out>
    <system-err><![CDATA[Aug 20, 2024 9:57:58 AM org.openqa.selenium.devtools.CdpVersionFinder findNearestMatch
WARNING: Unable to find CDP implementation matching 127
Aug 20, 2024 9:57:58 AM org.openqa.selenium.chromium.ChromiumDriver lambda$new$5
WARNING: Unable to find version of CDP to use for 127.0.6533.101. You may need to include a dependency on a specific version of the CDP using something similar to `org.seleniumhq.selenium:selenium-devtools-v86:4.13.0` where the version ("v86") matches the version of the chromium-based browser you're using and the version number of the artifact is the same as Selenium's.
]]></system-err>
  </testcase>
  <testcase name="verifySearchWithoutAnyContent" classname="com.qa.ninjatutorials.testcases.SearchTest" time="0.508"/>
  <testcase name="verifySearchWithInvalidProduct" classname="com.qa.ninjatutorials.testcases.SearchTest" time="0.57"/>
  <testcase name="verifySearchWithValidProduct" classname="com.qa.ninjatutorials.testcases.SearchTest" time="0.881"/>
</testsuite>