<?xml version="1.0" encoding="UTF-8"?>
<testng-results skipped="0" failed="2" ignored="0" total="12" passed="10">
  <reporter-output>
  </reporter-output>
  <suite name="Surefire suite" duration-ms="88989" started-at="2024-08-20T09:56:53 EDT" finished-at="2024-08-20T09:58:22 EDT">
    <groups>
    </groups>
    <test name="Surefire test" duration-ms="88989" started-at="2024-08-20T09:56:53 EDT" finished-at="2024-08-20T09:58:22 EDT">
      <class name="com.qa.ninjatutorials.testcases.SearchTest">
        <test-method status="PASS" signature="setUp()[pri:0, instance:com.qa.ninjatutorials.testcases.SearchTest@6b26e945]" name="setUp" is-config="true" duration-ms="4426" started-at="2024-08-20T09:58:04 EDT" finished-at="2024-08-20T09:58:09 EDT">
          <reporter-output>
          </reporter-output>
        </test-method> <!-- setUp -->
        <test-method status="PASS" signature="verifySearchWithoutAnyContent()[pri:1, instance:com.qa.ninjatutorials.testcases.SearchTest@6b26e945]" name="verifySearchWithoutAnyContent" duration-ms="508" started-at="2024-08-20T09:58:09 EDT" finished-at="2024-08-20T09:58:09 EDT">
          <reporter-output>
          </reporter-output>
        </test-method> <!-- verifySearchWithoutAnyContent -->
        <test-method status="PASS" signature="tearDown()[pri:0, instance:com.qa.ninjatutorials.testcases.SearchTest@6b26e945]" name="tearDown" is-config="true" duration-ms="784" started-at="2024-08-20T09:58:09 EDT" finished-at="2024-08-20T09:58:10 EDT">
          <reporter-output>
          </reporter-output>
        </test-method> <!-- tearDown -->
        <test-method status="PASS" signature="setUp()[pri:0, instance:com.qa.ninjatutorials.testcases.SearchTest@6b26e945]" name="setUp" is-config="true" duration-ms="4227" started-at="2024-08-20T09:58:10 EDT" finished-at="2024-08-20T09:58:14 EDT">
          <reporter-output>
          </reporter-output>
        </test-method> <!-- setUp -->
        <test-method status="PASS" signature="verifySearchWithInvalidProduct()[pri:2, instance:com.qa.ninjatutorials.testcases.SearchTest@6b26e945]" name="verifySearchWithInvalidProduct" duration-ms="569" started-at="2024-08-20T09:58:14 EDT" finished-at="2024-08-20T09:58:15 EDT">
          <reporter-output>
          </reporter-output>
        </test-method> <!-- verifySearchWithInvalidProduct -->
        <test-method status="PASS" signature="tearDown()[pri:0, instance:com.qa.ninjatutorials.testcases.SearchTest@6b26e945]" name="tearDown" is-config="true" duration-ms="902" started-at="2024-08-20T09:58:15 EDT" finished-at="2024-08-20T09:58:16 EDT">
          <reporter-output>
          </reporter-output>
        </test-method> <!-- tearDown -->
        <test-method status="PASS" signature="setUp()[pri:0, instance:com.qa.ninjatutorials.testcases.SearchTest@6b26e945]" name="setUp" is-config="true" duration-ms="4287" started-at="2024-08-20T09:58:16 EDT" finished-at="2024-08-20T09:58:20 EDT">
          <reporter-output>
          </reporter-output>
        </test-method> <!-- setUp -->
        <test-method status="PASS" signature="verifySearchWithValidProduct()[pri:3, instance:com.qa.ninjatutorials.testcases.SearchTest@6b26e945]" name="verifySearchWithValidProduct" duration-ms="880" started-at="2024-08-20T09:58:20 EDT" finished-at="2024-08-20T09:58:21 EDT">
          <reporter-output>
          </reporter-output>
        </test-method> <!-- verifySearchWithValidProduct -->
        <test-method status="PASS" signature="tearDown()[pri:0, instance:com.qa.ninjatutorials.testcases.SearchTest@6b26e945]" name="tearDown" is-config="true" duration-ms="784" started-at="2024-08-20T09:58:21 EDT" finished-at="2024-08-20T09:58:22 EDT">
          <reporter-output>
          </reporter-output>
        </test-method> <!-- tearDown -->
      </class> <!-- com.qa.ninjatutorials.testcases.SearchTest -->
      <class name="com.qa.ninjatutorials.testcases.LoginTest">
        <test-method status="PASS" signature="verifyLoginWithNoCredentials()[pri:1, instance:com.qa.ninjatutorials.testcases.LoginTest@7995092a]" name="verifyLoginWithNoCredentials" duration-ms="11235" started-at="2024-08-20T09:56:53 EDT" finished-at="2024-08-20T09:57:04 EDT">
          <reporter-output>
          </reporter-output>
        </test-method> <!-- verifyLoginWithNoCredentials -->
        <test-method status="PASS" signature="verifyInvalidEmailNoPassword()[pri:2, instance:com.qa.ninjatutorials.testcases.LoginTest@7995092a]" name="verifyInvalidEmailNoPassword" duration-ms="6515" started-at="2024-08-20T09:57:04 EDT" finished-at="2024-08-20T09:57:10 EDT">
          <reporter-output>
          </reporter-output>
        </test-method> <!-- verifyInvalidEmailNoPassword -->
        <test-method status="PASS" signature="verifyValidEmailNoPassword()[pri:3, instance:com.qa.ninjatutorials.testcases.LoginTest@7995092a]" name="verifyValidEmailNoPassword" duration-ms="6434" started-at="2024-08-20T09:57:10 EDT" finished-at="2024-08-20T09:57:17 EDT">
          <reporter-output>
          </reporter-output>
        </test-method> <!-- verifyValidEmailNoPassword -->
        <test-method status="PASS" signature="verifyValidEmailInvalidPassword()[pri:4, instance:com.qa.ninjatutorials.testcases.LoginTest@7995092a]" name="verifyValidEmailInvalidPassword" duration-ms="6748" started-at="2024-08-20T09:57:17 EDT" finished-at="2024-08-20T09:57:24 EDT">
          <reporter-output>
          </reporter-output>
        </test-method> <!-- verifyValidEmailInvalidPassword -->
        <test-method status="PASS" signature="verifyLoginWithInvalidCredentials()[pri:5, instance:com.qa.ninjatutorials.testcases.LoginTest@7995092a]" name="verifyLoginWithInvalidCredentials" duration-ms="6568" started-at="2024-08-20T09:57:24 EDT" finished-at="2024-08-20T09:57:30 EDT">
          <reporter-output>
          </reporter-output>
        </test-method> <!-- verifyLoginWithInvalidCredentials -->
        <test-method status="PASS" signature="verifyLoginWithValidCredentials()[pri:6, instance:com.qa.ninjatutorials.testcases.LoginTest@7995092a]" name="verifyLoginWithValidCredentials" duration-ms="7082" started-at="2024-08-20T09:57:30 EDT" finished-at="2024-08-20T09:57:37 EDT">
          <reporter-output>
          </reporter-output>
        </test-method> <!-- verifyLoginWithValidCredentials -->
      </class> <!-- com.qa.ninjatutorials.testcases.LoginTest -->
      <class name="com.qa.ninjatutorials.testcases.RegisterTest">
        <test-method status="PASS" signature="setup()[pri:0, instance:com.qa.ninjatutorials.testcases.RegisterTest@7692d9cc]" name="setup" is-config="true" duration-ms="10032" started-at="2024-08-20T09:57:37 EDT" finished-at="2024-08-20T09:57:47 EDT">
          <reporter-output>
          </reporter-output>
        </test-method> <!-- setup -->
        <test-method status="PASS" signature="verifyRegistrationWithoutFillingAnyDetails()[pri:1, instance:com.qa.ninjatutorials.testcases.RegisterTest@7692d9cc]" name="verifyRegistrationWithoutFillingAnyDetails" duration-ms="818" started-at="2024-08-20T09:57:47 EDT" finished-at="2024-08-20T09:57:48 EDT">
          <reporter-output>
          </reporter-output>
        </test-method> <!-- verifyRegistrationWithoutFillingAnyDetails -->
        <test-method status="PASS" signature="teardown()[pri:0, instance:com.qa.ninjatutorials.testcases.RegisterTest@7692d9cc]" name="teardown" is-config="true" duration-ms="847" started-at="2024-08-20T09:57:48 EDT" finished-at="2024-08-20T09:57:49 EDT">
          <reporter-output>
          </reporter-output>
        </test-method> <!-- teardown -->
        <test-method status="PASS" signature="setup()[pri:0, instance:com.qa.ninjatutorials.testcases.RegisterTest@7692d9cc]" name="setup" is-config="true" duration-ms="5673" started-at="2024-08-20T09:57:49 EDT" finished-at="2024-08-20T09:57:55 EDT">
          <reporter-output>
          </reporter-output>
        </test-method> <!-- setup -->
        <test-method status="FAIL" signature="verifyRegistrationWithMandatoryFields()[pri:2, instance:com.qa.ninjatutorials.testcases.RegisterTest@7692d9cc]" name="verifyRegistrationWithMandatoryFields" duration-ms="1212" started-at="2024-08-20T09:57:55 EDT" finished-at="2024-08-20T09:57:56 EDT">
          <exception class="java.lang.AssertionError">
            <message>
              <![CDATA[Account success message did not appear. expected [Your Account Has Been Created!] but found [Register Account]]]>
            </message>
            <full-stacktrace>
              <![CDATA[java.lang.AssertionError: Account success message did not appear. expected [Your Account Has Been Created!] but found [Register Account]
at org.testng.Assert.fail(Assert.java:110)
at org.testng.Assert.failNotEquals(Assert.java:1413)
at org.testng.Assert.assertEqualsImpl(Assert.java:149)
at org.testng.Assert.assertEquals(Assert.java:131)
at org.testng.Assert.assertEquals(Assert.java:655)
at com.qa.ninjatutorials.testcases.RegisterTest.verifyRegistrationWithMandatoryFields(RegisterTest.java:69)
at sun.reflect.NativeMethodAccessorImpl.invoke0(Native Method)
at sun.reflect.NativeMethodAccessorImpl.invoke(NativeMethodAccessorImpl.java:62)
at sun.reflect.DelegatingMethodAccessorImpl.invoke(DelegatingMethodAccessorImpl.java:43)
at java.lang.reflect.Method.invoke(Method.java:498)
at org.testng.internal.invokers.MethodInvocationHelper.invokeMethod(MethodInvocationHelper.java:135)
at org.testng.internal.invokers.TestInvoker.invokeMethod(TestInvoker.java:673)
at org.testng.internal.invokers.TestInvoker.invokeTestMethod(TestInvoker.java:220)
at org.testng.internal.invokers.MethodRunner.runInSequence(MethodRunner.java:50)
at org.testng.internal.invokers.TestInvoker$MethodInvocationAgent.invoke(TestInvoker.java:945)
at org.testng.internal.invokers.TestInvoker.invokeTestMethods(TestInvoker.java:193)
at org.testng.internal.invokers.TestMethodWorker.invokeTestMethods(TestMethodWorker.java:146)
at org.testng.internal.invokers.TestMethodWorker.run(TestMethodWorker.java:128)
at java.util.ArrayList.forEach(ArrayList.java:1259)
at org.testng.TestRunner.privateRun(TestRunner.java:808)
at org.testng.TestRunner.run(TestRunner.java:603)
at org.testng.SuiteRunner.runTest(SuiteRunner.java:429)
at org.testng.SuiteRunner.runSequentially(SuiteRunner.java:423)
at org.testng.SuiteRunner.privateRun(SuiteRunner.java:383)
at org.testng.SuiteRunner.run(SuiteRunner.java:326)
at org.testng.SuiteRunnerWorker.runSuite(SuiteRunnerWorker.java:52)
at org.testng.SuiteRunnerWorker.run(SuiteRunnerWorker.java:95)
at org.testng.TestNG.runSuitesSequentially(TestNG.java:1249)
at org.testng.TestNG.runSuitesLocally(TestNG.java:1169)
at org.testng.TestNG.runSuites(TestNG.java:1092)
at org.testng.TestNG.run(TestNG.java:1060)
at org.apache.maven.surefire.testng.TestNGExecutor.run(TestNGExecutor.java:135)
at org.apache.maven.surefire.testng.TestNGDirectoryTestSuite.executeMulti(TestNGDirectoryTestSuite.java:193)
at org.apache.maven.surefire.testng.TestNGDirectoryTestSuite.execute(TestNGDirectoryTestSuite.java:94)
at org.apache.maven.surefire.testng.TestNGProvider.invoke(TestNGProvider.java:146)
at org.apache.maven.surefire.booter.ForkedBooter.invokeProviderInSameClassLoader(ForkedBooter.java:384)
at org.apache.maven.surefire.booter.ForkedBooter.runSuitesInProcess(ForkedBooter.java:345)
at org.apache.maven.surefire.booter.ForkedBooter.execute(ForkedBooter.java:126)
at org.apache.maven.surefire.booter.ForkedBooter.main(ForkedBooter.java:418)
]]>
            </full-stacktrace>
          </exception> <!-- java.lang.AssertionError -->
          <reporter-output>
          </reporter-output>
        </test-method> <!-- verifyRegistrationWithMandatoryFields -->
        <test-method status="PASS" signature="teardown()[pri:0, instance:com.qa.ninjatutorials.testcases.RegisterTest@7692d9cc]" name="teardown" is-config="true" duration-ms="853" started-at="2024-08-20T09:57:56 EDT" finished-at="2024-08-20T09:57:57 EDT">
          <reporter-output>
          </reporter-output>
        </test-method> <!-- teardown -->
        <test-method status="PASS" signature="setup()[pri:0, instance:com.qa.ninjatutorials.testcases.RegisterTest@7692d9cc]" name="setup" is-config="true" duration-ms="4987" started-at="2024-08-20T09:57:57 EDT" finished-at="2024-08-20T09:58:02 EDT">
          <reporter-output>
          </reporter-output>
        </test-method> <!-- setup -->
        <test-method status="FAIL" signature="verifyRegistrationWithAllFields()[pri:3, instance:com.qa.ninjatutorials.testcases.RegisterTest@7692d9cc]" name="verifyRegistrationWithAllFields" duration-ms="1730" started-at="2024-08-20T09:58:02 EDT" finished-at="2024-08-20T09:58:03 EDT">
          <exception class="java.lang.AssertionError">
            <message>
              <![CDATA[Account success message did not appear. expected [Your Account Has Been Created!] but found [Register Account]]]>
            </message>
            <full-stacktrace>
              <![CDATA[java.lang.AssertionError: Account success message did not appear. expected [Your Account Has Been Created!] but found [Register Account]
at org.testng.Assert.fail(Assert.java:110)
at org.testng.Assert.failNotEquals(Assert.java:1413)
at org.testng.Assert.assertEqualsImpl(Assert.java:149)
at org.testng.Assert.assertEquals(Assert.java:131)
at org.testng.Assert.assertEquals(Assert.java:655)
at com.qa.ninjatutorials.testcases.RegisterTest.verifyRegistrationWithAllFields(RegisterTest.java:88)
at sun.reflect.NativeMethodAccessorImpl.invoke0(Native Method)
at sun.reflect.NativeMethodAccessorImpl.invoke(NativeMethodAccessorImpl.java:62)
at sun.reflect.DelegatingMethodAccessorImpl.invoke(DelegatingMethodAccessorImpl.java:43)
at java.lang.reflect.Method.invoke(Method.java:498)
at org.testng.internal.invokers.MethodInvocationHelper.invokeMethod(MethodInvocationHelper.java:135)
at org.testng.internal.invokers.TestInvoker.invokeMethod(TestInvoker.java:673)
at org.testng.internal.invokers.TestInvoker.invokeTestMethod(TestInvoker.java:220)
at org.testng.internal.invokers.MethodRunner.runInSequence(MethodRunner.java:50)
at org.testng.internal.invokers.TestInvoker$MethodInvocationAgent.invoke(TestInvoker.java:945)
at org.testng.internal.invokers.TestInvoker.invokeTestMethods(TestInvoker.java:193)
at org.testng.internal.invokers.TestMethodWorker.invokeTestMethods(TestMethodWorker.java:146)
at org.testng.internal.invokers.TestMethodWorker.run(TestMethodWorker.java:128)
at java.util.ArrayList.forEach(ArrayList.java:1259)
at org.testng.TestRunner.privateRun(TestRunner.java:808)
at org.testng.TestRunner.run(TestRunner.java:603)
at org.testng.SuiteRunner.runTest(SuiteRunner.java:429)
at org.testng.SuiteRunner.runSequentially(SuiteRunner.java:423)
at org.testng.SuiteRunner.privateRun(SuiteRunner.java:383)
at org.testng.SuiteRunner.run(SuiteRunner.java:326)
at org.testng.SuiteRunnerWorker.runSuite(SuiteRunnerWorker.java:52)
at org.testng.SuiteRunnerWorker.run(SuiteRunnerWorker.java:95)
at org.testng.TestNG.runSuitesSequentially(TestNG.java:1249)
at org.testng.TestNG.runSuitesLocally(TestNG.java:1169)
at org.testng.TestNG.runSuites(TestNG.java:1092)
at org.testng.TestNG.run(TestNG.java:1060)
at org.apache.maven.surefire.testng.TestNGExecutor.run(TestNGExecutor.java:135)
at org.apache.maven.surefire.testng.TestNGDirectoryTestSuite.executeMulti(TestNGDirectoryTestSuite.java:193)
at org.apache.maven.surefire.testng.TestNGDirectoryTestSuite.execute(TestNGDirectoryTestSuite.java:94)
at org.apache.maven.surefire.testng.TestNGProvider.invoke(TestNGProvider.java:146)
at org.apache.maven.surefire.booter.ForkedBooter.invokeProviderInSameClassLoader(ForkedBooter.java:384)
at org.apache.maven.surefire.booter.ForkedBooter.runSuitesInProcess(ForkedBooter.java:345)
at org.apache.maven.surefire.booter.ForkedBooter.execute(ForkedBooter.java:126)
at org.apache.maven.surefire.booter.ForkedBooter.main(ForkedBooter.java:418)
]]>
            </full-stacktrace>
          </exception> <!-- java.lang.AssertionError -->
          <reporter-output>
          </reporter-output>
        </test-method> <!-- verifyRegistrationWithAllFields -->
        <test-method status="PASS" signature="teardown()[pri:0, instance:com.qa.ninjatutorials.testcases.RegisterTest@7692d9cc]" name="teardown" is-config="true" duration-ms="849" started-at="2024-08-20T09:58:03 EDT" finished-at="2024-08-20T09:58:04 EDT">
          <reporter-output>
          </reporter-output>
        </test-method> <!-- teardown -->
      </class> <!-- com.qa.ninjatutorials.testcases.RegisterTest -->
    </test> <!-- Surefire test -->
  </suite> <!-- Surefire suite -->
</testng-results>
