<?xml version="1.0" encoding="UTF-8"?>
<testsuite xmlns:xsi="http://www.w3.org/2001/XMLSchema-instance" xsi:noNamespaceSchemaLocation="https://maven.apache.org/surefire/maven-surefire-plugin/xsd/surefire-test-report.xsd" name="TestSuite" time="13.927" tests="24" errors="0" skipped="16" failures="8">
  <properties>
[...]
</properties>
  <testcase name="verifyLoginWithNoCredentials" classname="com.qa.ninjatutorials.testcases.LoginTest" time="2.3">
    <failure message="The path to the driver executable Unable to locate the chromedriver executable; for more information on how to install drivers, see https://www.selenium.dev/documentation/webdriver/getting_started/install_drivers/" type="java.lang.IllegalStateException">java.lang.IllegalStateException: The path to the driver executable Unable to locate the chromedriver executable; for more information on how to install drivers, see https://www.selenium.dev/documentation/webdriver/getting_started/install_drivers/
	at com.qa.ninjatutorials.testcases.LoginTest.verifyLoginWithNoCredentials(LoginTest.java:58)
</failure>
    <system-out><![CDATA[[DEBUG] [Graph] ADDING NODE RegisterTest.setup()[pri:0, instance:null] 1582982552
[DEBUG] [Graph] ================ SORTING
[DEBUG] [Graph] =============== DONE SORTING
[DEBUG] [Graph] ====== SORTED NODES
[DEBUG] [Graph] ====== END SORTED NODES
[DEBUG] [Graph] ADDING NODE RegisterTest.teardown()[pri:0, instance:null] -1006159585
[DEBUG] [Graph] ================ SORTING
[DEBUG] [Graph] =============== DONE SORTING
[DEBUG] [Graph] ====== SORTED NODES
[DEBUG] [Graph] ====== END SORTED NODES
[DEBUG] [Graph] ADDING NODE SearchTest.setUp()[pri:0, instance:null] -16237069
[DEBUG] [Graph] ================ SORTING
[DEBUG] [Graph] =============== DONE SORTING
[DEBUG] [Graph] ====== SORTED NODES
[DEBUG] [Graph] ====== END SORTED NODES
[DEBUG] [Graph] ADDING NODE SearchTest.tearDown()[pri:0, instance:null] 1699139980
[DEBUG] [Graph] ================ SORTING
[DEBUG] [Graph] =============== DONE SORTING
[DEBUG] [Graph] ====== SORTED NODES
[DEBUG] [Graph] ====== END SORTED NODES
[DEBUG] [Graph] ADDING NODE LoginTest.verifyLoginWithValidCredentials()[pri:6, instance:com.qa.ninjatutorials.testcases.LoginTest@2133814f] 1343771702
[DEBUG] [Graph] ADDING NODE LoginTest.verifyValidEmailInvalidPassword()[pri:4, instance:com.qa.ninjatutorials.testcases.LoginTest@2133814f] 2086065371
[DEBUG] [Graph] ADDING NODE LoginTest.verifyLoginWithInvalidCredentials()[pri:5, instance:com.qa.ninjatutorials.testcases.LoginTest@2133814f] -1569896135
[DEBUG] [Graph] ADDING NODE LoginTest.verifyInvalidEmailNoPassword()[pri:2, instance:com.qa.ninjatutorials.testcases.LoginTest@2133814f] -2004139526
[DEBUG] [Graph] ADDING NODE LoginTest.verifyValidEmailNoPassword()[pri:3, instance:com.qa.ninjatutorials.testcases.LoginTest@2133814f] -897548873
[DEBUG] [Graph] ADDING NODE LoginTest.verifyLoginWithNoCredentials()[pri:1, instance:com.qa.ninjatutorials.testcases.LoginTest@2133814f] 2102134823
[DEBUG] [Graph] ADDING NODE RegisterTest.verifyRegistrationWithMandatoryFields()[pri:2, instance:com.qa.ninjatutorials.testcases.RegisterTest@23529fee] 307454801
[DEBUG] [Graph] ADDING NODE RegisterTest.verifyRegistrationWithoutFillingAnyDetails()[pri:1, instance:com.qa.ninjatutorials.testcases.RegisterTest@23529fee] -1157067660
[DEBUG] [Graph] ADDING NODE RegisterTest.verifyRegistrationWithAllFields()[pri:3, instance:com.qa.ninjatutorials.testcases.RegisterTest@23529fee] -1844301175
[DEBUG] [Graph] ADDING NODE SearchTest.verifySearchWithValidProduct()[pri:3, instance:com.qa.ninjatutorials.testcases.SearchTest@6dbb137d] -83154933
[DEBUG] [Graph] ADDING NODE SearchTest.verifySearchWithoutAnyContent()[pri:1, instance:com.qa.ninjatutorials.testcases.SearchTest@6dbb137d] 458062273
[DEBUG] [Graph] ADDING NODE SearchTest.verifySearchWithInvalidProduct()[pri:2, instance:com.qa.ninjatutorials.testcases.SearchTest@6dbb137d] 953936904
[DEBUG] [Graph] ================ SORTING
[DEBUG] [Graph] =============== DONE SORTING
[DEBUG] [Graph] ====== SORTED NODES
[DEBUG] [Graph] ====== END SORTED NODES
]]></system-out>
    <system-err><![CDATA[Aug 20, 2024 9:53:06 AM org.openqa.selenium.remote.service.DriverFinder getPath
WARNING: Unable to obtain chromedriver using Selenium Manager: Unsuccessful command executed: [C:\Users\w_ahs\AppData\Local\Temp\selenium-manager49237352253335005035858050991420127\selenium-manager.exe, --browser, chrome, --output, json]
The chromedriver version cannot be discovered
Build info: version: '4.8.3', revision: 'e5e76298c3'
System info: os.name: 'Windows 11', os.arch: 'amd64', os.version: '10.0', java.version: '1.8.0_333'
Driver info: driver.version: ChromeDriver
]]></system-err>
  </testcase>
  <testcase name="verifyInvalidEmailNoPassword" classname="com.qa.ninjatutorials.testcases.LoginTest" time="1.51">
    <failure message="The path to the driver executable Unable to locate the chromedriver executable; for more information on how to install drivers, see https://www.selenium.dev/documentation/webdriver/getting_started/install_drivers/" type="java.lang.IllegalStateException">java.lang.IllegalStateException: The path to the driver executable Unable to locate the chromedriver executable; for more information on how to install drivers, see https://www.selenium.dev/documentation/webdriver/getting_started/install_drivers/
	at com.qa.ninjatutorials.testcases.LoginTest.verifyInvalidEmailNoPassword(LoginTest.java:79)
</failure>
    <system-err><![CDATA[Aug 20, 2024 9:53:08 AM org.openqa.selenium.remote.service.DriverFinder getPath
WARNING: Unable to obtain chromedriver using Selenium Manager: Unsuccessful command executed: [C:\Users\w_ahs\AppData\Local\Temp\selenium-manager49237352253335005035858050991420127\selenium-manager.exe, --browser, chrome, --output, json]
The chromedriver version cannot be discovered
Build info: version: '4.8.3', revision: 'e5e76298c3'
System info: os.name: 'Windows 11', os.arch: 'amd64', os.version: '10.0', java.version: '1.8.0_333'
Driver info: driver.version: ChromeDriver
]]></system-err>
  </testcase>
  <testcase name="verifyValidEmailNoPassword" classname="com.qa.ninjatutorials.testcases.LoginTest" time="1.549">
    <failure message="The path to the driver executable Unable to locate the chromedriver executable; for more information on how to install drivers, see https://www.selenium.dev/documentation/webdriver/getting_started/install_drivers/" type="java.lang.IllegalStateException">java.lang.IllegalStateException: The path to the driver executable Unable to locate the chromedriver executable; for more information on how to install drivers, see https://www.selenium.dev/documentation/webdriver/getting_started/install_drivers/
	at com.qa.ninjatutorials.testcases.LoginTest.verifyValidEmailNoPassword(LoginTest.java:95)
</failure>
    <system-err><![CDATA[Aug 20, 2024 9:53:09 AM org.openqa.selenium.remote.service.DriverFinder getPath
WARNING: Unable to obtain chromedriver using Selenium Manager: Unsuccessful command executed: [C:\Users\w_ahs\AppData\Local\Temp\selenium-manager49237352253335005035858050991420127\selenium-manager.exe, --browser, chrome, --output, json]
The chromedriver version cannot be discovered
Build info: version: '4.8.3', revision: 'e5e76298c3'
System info: os.name: 'Windows 11', os.arch: 'amd64', os.version: '10.0', java.version: '1.8.0_333'
Driver info: driver.version: ChromeDriver
]]></system-err>
  </testcase>
  <testcase name="verifyValidEmailInvalidPassword" classname="com.qa.ninjatutorials.testcases.LoginTest" time="1.442">
    <failure message="The path to the driver executable Unable to locate the chromedriver executable; for more information on how to install drivers, see https://www.selenium.dev/documentation/webdriver/getting_started/install_drivers/" type="java.lang.IllegalStateException">java.lang.IllegalStateException: The path to the driver executable Unable to locate the chromedriver executable; for more information on how to install drivers, see https://www.selenium.dev/documentation/webdriver/getting_started/install_drivers/
	at com.qa.ninjatutorials.testcases.LoginTest.verifyValidEmailInvalidPassword(LoginTest.java:111)
</failure>
    <system-err><![CDATA[Aug 20, 2024 9:53:11 AM org.openqa.selenium.remote.service.DriverFinder getPath
WARNING: Unable to obtain chromedriver using Selenium Manager: Unsuccessful command executed: [C:\Users\w_ahs\AppData\Local\Temp\selenium-manager49237352253335005035858050991420127\selenium-manager.exe, --browser, chrome, --output, json]
The chromedriver version cannot be discovered
Build info: version: '4.8.3', revision: 'e5e76298c3'
System info: os.name: 'Windows 11', os.arch: 'amd64', os.version: '10.0', java.version: '1.8.0_333'
Driver info: driver.version: ChromeDriver
]]></system-err>
  </testcase>
  <testcase name="verifyLoginWithInvalidCredentials" classname="com.qa.ninjatutorials.testcases.LoginTest" time="1.467">
    <failure message="The path to the driver executable Unable to locate the chromedriver executable; for more information on how to install drivers, see https://www.selenium.dev/documentation/webdriver/getting_started/install_drivers/" type="java.lang.IllegalStateException">java.lang.IllegalStateException: The path to the driver executable Unable to locate the chromedriver executable; for more information on how to install drivers, see https://www.selenium.dev/documentation/webdriver/getting_started/install_drivers/
	at com.qa.ninjatutorials.testcases.LoginTest.verifyLoginWithInvalidCredentials(LoginTest.java:36)
</failure>
    <system-err><![CDATA[Aug 20, 2024 9:53:12 AM org.openqa.selenium.remote.service.DriverFinder getPath
WARNING: Unable to obtain chromedriver using Selenium Manager: Unsuccessful command executed: [C:\Users\w_ahs\AppData\Local\Temp\selenium-manager49237352253335005035858050991420127\selenium-manager.exe, --browser, chrome, --output, json]
The chromedriver version cannot be discovered
Build info: version: '4.8.3', revision: 'e5e76298c3'
System info: os.name: 'Windows 11', os.arch: 'amd64', os.version: '10.0', java.version: '1.8.0_333'
Driver info: driver.version: ChromeDriver
]]></system-err>
  </testcase>
  <testcase name="verifyLoginWithValidCredentials" classname="com.qa.ninjatutorials.testcases.LoginTest" time="1.552">
    <failure message="The path to the driver executable Unable to locate the chromedriver executable; for more information on how to install drivers, see https://www.selenium.dev/documentation/webdriver/getting_started/install_drivers/" type="java.lang.IllegalStateException">java.lang.IllegalStateException: The path to the driver executable Unable to locate the chromedriver executable; for more information on how to install drivers, see https://www.selenium.dev/documentation/webdriver/getting_started/install_drivers/
	at com.qa.ninjatutorials.testcases.LoginTest.verifyLoginWithValidCredentials(LoginTest.java:17)
</failure>
    <system-err><![CDATA[Aug 20, 2024 9:53:14 AM org.openqa.selenium.remote.service.DriverFinder getPath
WARNING: Unable to obtain chromedriver using Selenium Manager: Unsuccessful command executed: [C:\Users\w_ahs\AppData\Local\Temp\selenium-manager49237352253335005035858050991420127\selenium-manager.exe, --browser, chrome, --output, json]
The chromedriver version cannot be discovered
Build info: version: '4.8.3', revision: 'e5e76298c3'
System info: os.name: 'Windows 11', os.arch: 'amd64', os.version: '10.0', java.version: '1.8.0_333'
Driver info: driver.version: ChromeDriver
]]></system-err>
  </testcase>
  <testcase name="setup" classname="com.qa.ninjatutorials.testcases.RegisterTest" time="3.193">
    <failure message="The path to the driver executable Unable to locate the chromedriver executable; for more information on how to install drivers, see https://www.selenium.dev/documentation/webdriver/getting_started/install_drivers/" type="java.lang.IllegalStateException">java.lang.IllegalStateException: The path to the driver executable Unable to locate the chromedriver executable; for more information on how to install drivers, see https://www.selenium.dev/documentation/webdriver/getting_started/install_drivers/
	at com.qa.ninjatutorials.testcases.RegisterTest.setup(RegisterTest.java:20)
</failure>
    <system-err><![CDATA[Aug 20, 2024 9:53:16 AM org.openqa.selenium.remote.service.DriverFinder getPath
WARNING: Unable to obtain chromedriver using Selenium Manager: Unsuccessful command executed: [C:\Users\w_ahs\AppData\Local\Temp\selenium-manager49237352253335005035858050991420127\selenium-manager.exe, --browser, chrome, --output, json]
The chromedriver version cannot be discovered
Build info: version: '4.8.3', revision: 'e5e76298c3'
System info: os.name: 'Windows 11', os.arch: 'amd64', os.version: '10.0', java.version: '1.8.0_333'
Driver info: driver.version: ChromeDriver
]]></system-err>
  </testcase>
  <testcase name="setup" classname="com.qa.ninjatutorials.testcases.RegisterTest" time="0">
    <skipped/>
  </testcase>
  <testcase name="setup" classname="com.qa.ninjatutorials.testcases.RegisterTest" time="0">
    <skipped/>
  </testcase>
  <testcase name="verifyRegistrationWithoutFillingAnyDetails" classname="com.qa.ninjatutorials.testcases.RegisterTest" time="0">
    <skipped message="The path to the driver executable Unable to locate the chromedriver executable; for more information on how to install drivers, see https://www.selenium.dev/documentation/webdriver/getting_started/install_drivers/"/>
  </testcase>
  <testcase name="teardown" classname="com.qa.ninjatutorials.testcases.RegisterTest" time="0">
    <skipped/>
  </testcase>
  <testcase name="teardown" classname="com.qa.ninjatutorials.testcases.RegisterTest" time="0">
    <skipped/>
  </testcase>
  <testcase name="teardown" classname="com.qa.ninjatutorials.testcases.RegisterTest" time="0">
    <skipped/>
  </testcase>
  <testcase name="verifyRegistrationWithMandatoryFields" classname="com.qa.ninjatutorials.testcases.RegisterTest" time="0">
    <skipped message="The path to the driver executable Unable to locate the chromedriver executable; for more information on how to install drivers, see https://www.selenium.dev/documentation/webdriver/getting_started/install_drivers/"/>
  </testcase>
  <testcase name="verifyRegistrationWithAllFields" classname="com.qa.ninjatutorials.testcases.RegisterTest" time="0">
    <skipped message="The path to the driver executable Unable to locate the chromedriver executable; for more information on how to install drivers, see https://www.selenium.dev/documentation/webdriver/getting_started/install_drivers/"/>
  </testcase>
  <testcase name="setUp" classname="com.qa.ninjatutorials.testcases.SearchTest" time="1.651">
    <failure message="The path to the driver executable Unable to locate the chromedriver executable; for more information on how to install drivers, see https://www.selenium.dev/documentation/webdriver/getting_started/install_drivers/" type="java.lang.IllegalStateException">java.lang.IllegalStateException: The path to the driver executable Unable to locate the chromedriver executable; for more information on how to install drivers, see https://www.selenium.dev/documentation/webdriver/getting_started/install_drivers/
	at com.qa.ninjatutorials.testcases.SearchTest.setUp(SearchTest.java:20)
</failure>
    <system-err><![CDATA[Aug 20, 2024 9:53:17 AM org.openqa.selenium.remote.service.DriverFinder getPath
WARNING: Unable to obtain chromedriver using Selenium Manager: Unsuccessful command executed: [C:\Users\w_ahs\AppData\Local\Temp\selenium-manager49237352253335005035858050991420127\selenium-manager.exe, --browser, chrome, --output, json]
The chromedriver version cannot be discovered
Build info: version: '4.8.3', revision: 'e5e76298c3'
System info: os.name: 'Windows 11', os.arch: 'amd64', os.version: '10.0', java.version: '1.8.0_333'
Driver info: driver.version: ChromeDriver
]]></system-err>
  </testcase>
  <testcase name="setUp" classname="com.qa.ninjatutorials.testcases.SearchTest" time="0">
    <skipped/>
  </testcase>
  <testcase name="setUp" classname="com.qa.ninjatutorials.testcases.SearchTest" time="0">
    <skipped/>
  </testcase>
  <testcase name="verifySearchWithoutAnyContent" classname="com.qa.ninjatutorials.testcases.SearchTest" time="0">
    <skipped message="The path to the driver executable Unable to locate the chromedriver executable; for more information on how to install drivers, see https://www.selenium.dev/documentation/webdriver/getting_started/install_drivers/"/>
  </testcase>
  <testcase name="tearDown" classname="com.qa.ninjatutorials.testcases.SearchTest" time="0">
    <skipped/>
  </testcase>
  <testcase name="tearDown" classname="com.qa.ninjatutorials.testcases.SearchTest" time="0">
    <skipped/>
  </testcase>
  <testcase name="tearDown" classname="com.qa.ninjatutorials.testcases.SearchTest" time="0">
    <skipped/>
  </testcase>
  <testcase name="verifySearchWithInvalidProduct" classname="com.qa.ninjatutorials.testcases.SearchTest" time="0">
    <skipped message="The path to the driver executable Unable to locate the chromedriver executable; for more information on how to install drivers, see https://www.selenium.dev/documentation/webdriver/getting_started/install_drivers/"/>
  </testcase>
  <testcase name="verifySearchWithValidProduct" classname="com.qa.ninjatutorials.testcases.SearchTest" time="0">
    <skipped message="The path to the driver executable Unable to locate the chromedriver executable; for more information on how to install drivers, see https://www.selenium.dev/documentation/webdriver/getting_started/install_drivers/"/>
  </testcase>
</testsuite>