-------------------------------------------------------------------------------
Test set: TestSuite
-------------------------------------------------------------------------------
Tests run: 24, Failures: 8, Errors: 0, Skipped: 16, Time elapsed: 6.745 s <<< FAILURE! - in TestSuite
verifyLoginWithNoCredentials(com.qa.ninjatutorials.testcases.LoginTest)  Time elapsed: 1.634 s  <<< FAILURE!
java.lang.IllegalStateException: The path to the driver executable The path to the driver executable must be set by the webdriver.chrome.driver system property; for more information, see https://chromedriver.chromium.org/. The latest version can be downloaded from https://chromedriver.chromium.org/downloads
	at com.qa.ninjatutorials.testcases.LoginTest.verifyLoginWithNoCredentials(LoginTest.java:58)

verifyInvalidEmailNoPassword(com.qa.ninjatutorials.testcases.LoginTest)  Time elapsed: 0.6 s  <<< FAILURE!
java.lang.IllegalStateException: The path to the driver executable The path to the driver executable must be set by the webdriver.chrome.driver system property; for more information, see https://chromedriver.chromium.org/. The latest version can be downloaded from https://chromedriver.chromium.org/downloads
	at com.qa.ninjatutorials.testcases.LoginTest.verifyInvalidEmailNoPassword(LoginTest.java:79)

verifyValidEmailNoPassword(com.qa.ninjatutorials.testcases.LoginTest)  Time elapsed: 0.653 s  <<< FAILURE!
java.lang.IllegalStateException: The path to the driver executable The path to the driver executable must be set by the webdriver.chrome.driver system property; for more information, see https://chromedriver.chromium.org/. The latest version can be downloaded from https://chromedriver.chromium.org/downloads
	at com.qa.ninjatutorials.testcases.LoginTest.verifyValidEmailNoPassword(LoginTest.java:95)

verifyValidEmailInvalidPassword(com.qa.ninjatutorials.testcases.LoginTest)  Time elapsed: 0.603 s  <<< FAILURE!
java.lang.IllegalStateException: The path to the driver executable The path to the driver executable must be set by the webdriver.chrome.driver system property; for more information, see https://chromedriver.chromium.org/. The latest version can be downloaded from https://chromedriver.chromium.org/downloads
	at com.qa.ninjatutorials.testcases.LoginTest.verifyValidEmailInvalidPassword(LoginTest.java:111)

verifyLoginWithInvalidCredentials(com.qa.ninjatutorials.testcases.LoginTest)  Time elapsed: 0.65 s  <<< FAILURE!
java.lang.IllegalStateException: The path to the driver executable The path to the driver executable must be set by the webdriver.chrome.driver system property; for more information, see https://chromedriver.chromium.org/. The latest version can be downloaded from https://chromedriver.chromium.org/downloads
	at com.qa.ninjatutorials.testcases.LoginTest.verifyLoginWithInvalidCredentials(LoginTest.java:36)

verifyLoginWithValidCredentials(com.qa.ninjatutorials.testcases.LoginTest)  Time elapsed: 0.629 s  <<< FAILURE!
java.lang.IllegalStateException: The path to the driver executable The path to the driver executable must be set by the webdriver.chrome.driver system property; for more information, see https://chromedriver.chromium.org/. The latest version can be downloaded from https://chromedriver.chromium.org/downloads
	at com.qa.ninjatutorials.testcases.LoginTest.verifyLoginWithValidCredentials(LoginTest.java:17)

setup(com.qa.ninjatutorials.testcases.RegisterTest)  Time elapsed: 1.277 s  <<< FAILURE!
java.lang.IllegalStateException: The path to the driver executable The path to the driver executable must be set by the webdriver.chrome.driver system property; for more information, see https://chromedriver.chromium.org/. The latest version can be downloaded from https://chromedriver.chromium.org/downloads
	at com.qa.ninjatutorials.testcases.RegisterTest.setup(RegisterTest.java:20)

setUp(com.qa.ninjatutorials.testcases.SearchTest)  Time elapsed: 0.567 s  <<< FAILURE!
java.lang.IllegalStateException: The path to the driver executable The path to the driver executable must be set by the webdriver.chrome.driver system property; for more information, see https://chromedriver.chromium.org/. The latest version can be downloaded from https://chromedriver.chromium.org/downloads
	at com.qa.ninjatutorials.testcases.SearchTest.setUp(SearchTest.java:20)

