<?xml version="1.0" encoding="UTF-8"?>
<testng-results ignored="0" total="2" passed="2" failed="0" skipped="0">
  <reporter-output>
  </reporter-output>
  <suite started-at="2024-08-02T10:19:03 EDT" name="Default suite" finished-at="2024-08-02T10:19:16 EDT" duration-ms="12939">
    <groups>
    </groups>
    <test started-at="2024-08-02T10:19:03 EDT" name="Default test" finished-at="2024-08-02T10:19:16 EDT" duration-ms="12939">
      <class name="com.qa.ninjatutorials.testcases.LoginTest">
        <test-method signature="verifyLoginWithValidCredentials()[pri:1, instance:com.qa.ninjatutorials.testcases.LoginTest@6bd61f98]" started-at="2024-08-02T10:19:03 EDT" name="verifyLoginWithValidCredentials" finished-at="2024-08-02T10:19:10 EDT" duration-ms="6752" status="PASS">
          <reporter-output>
          </reporter-output>
        </test-method> <!-- verifyLoginWithValidCredentials -->
        <test-method signature="verifyLoginWithInvalidCredentials()[pri:2, instance:com.qa.ninjatutorials.testcases.LoginTest@6bd61f98]" started-at="2024-08-02T10:19:10 EDT" name="verifyLoginWithInvalidCredentials" finished-at="2024-08-02T10:19:16 EDT" duration-ms="6162" status="PASS">
          <reporter-output>
          </reporter-output>
        </test-method> <!-- verifyLoginWithInvalidCredentials -->
      </class> <!-- com.qa.ninjatutorials.testcases.LoginTest -->
    </test> <!-- Default test -->
  </suite> <!-- Default suite -->
</testng-results>
