<?xml version="1.0" encoding="UTF-8"?>
<testng-results ignored="0" total="12" passed="12" failed="0" skipped="0">
  <reporter-output>
  </reporter-output>
  <suite started-at="2024-08-13T10:06:34 EDT" name="Suite" finished-at="2024-08-13T10:07:47 EDT" duration-ms="73547">
    <groups>
    </groups>
    <test started-at="2024-08-13T10:06:34 EDT" name="NinjaTest" finished-at="2024-08-13T10:07:47 EDT" duration-ms="73547">
      <class name="com.qa.ninjatutorials.testcases.SearchTest">
        <test-method is-config="true" signature="setUp()[pri:0, instance:com.qa.ninjatutorials.testcases.SearchTest@7674f035]" started-at="2024-08-13T10:07:31 EDT" name="setUp" finished-at="2024-08-13T10:07:35 EDT" duration-ms="4213" status="PASS">
          <reporter-output>
          </reporter-output>
        </test-method> <!-- setUp -->
        <test-method signature="verifySearchWithoutAnyContent()[pri:1, instance:com.qa.ninjatutorials.testcases.SearchTest@7674f035]" started-at="2024-08-13T10:07:35 EDT" name="verifySearchWithoutAnyContent" finished-at="2024-08-13T10:07:36 EDT" duration-ms="480" status="PASS">
          <reporter-output>
          </reporter-output>
        </test-method> <!-- verifySearchWithoutAnyContent -->
        <test-method is-config="true" signature="tearDown()[pri:0, instance:com.qa.ninjatutorials.testcases.SearchTest@7674f035]" started-at="2024-08-13T10:07:36 EDT" name="tearDown" finished-at="2024-08-13T10:07:36 EDT" duration-ms="304" status="PASS">
          <reporter-output>
          </reporter-output>
        </test-method> <!-- tearDown -->
        <test-method is-config="true" signature="setUp()[pri:0, instance:com.qa.ninjatutorials.testcases.SearchTest@7674f035]" started-at="2024-08-13T10:07:36 EDT" name="setUp" finished-at="2024-08-13T10:07:41 EDT" duration-ms="4935" status="PASS">
          <reporter-output>
          </reporter-output>
        </test-method> <!-- setUp -->
        <test-method signature="verifySearchWithInvalidProduct()[pri:2, instance:com.qa.ninjatutorials.testcases.SearchTest@7674f035]" started-at="2024-08-13T10:07:41 EDT" name="verifySearchWithInvalidProduct" finished-at="2024-08-13T10:07:41 EDT" duration-ms="597" status="PASS">
          <reporter-output>
          </reporter-output>
        </test-method> <!-- verifySearchWithInvalidProduct -->
        <test-method is-config="true" signature="tearDown()[pri:0, instance:com.qa.ninjatutorials.testcases.SearchTest@7674f035]" started-at="2024-08-13T10:07:41 EDT" name="tearDown" finished-at="2024-08-13T10:07:42 EDT" duration-ms="294" status="PASS">
          <reporter-output>
          </reporter-output>
        </test-method> <!-- tearDown -->
        <test-method is-config="true" signature="setUp()[pri:0, instance:com.qa.ninjatutorials.testcases.SearchTest@7674f035]" started-at="2024-08-13T10:07:42 EDT" name="setUp" finished-at="2024-08-13T10:07:46 EDT" duration-ms="4377" status="PASS">
          <reporter-output>
          </reporter-output>
        </test-method> <!-- setUp -->
        <test-method signature="verifySearchWithValidProduct()[pri:3, instance:com.qa.ninjatutorials.testcases.SearchTest@7674f035]" started-at="2024-08-13T10:07:46 EDT" name="verifySearchWithValidProduct" finished-at="2024-08-13T10:07:47 EDT" duration-ms="853" status="PASS">
          <reporter-output>
          </reporter-output>
        </test-method> <!-- verifySearchWithValidProduct -->
        <test-method is-config="true" signature="tearDown()[pri:0, instance:com.qa.ninjatutorials.testcases.SearchTest@7674f035]" started-at="2024-08-13T10:07:47 EDT" name="tearDown" finished-at="2024-08-13T10:07:47 EDT" duration-ms="291" status="PASS">
          <reporter-output>
          </reporter-output>
        </test-method> <!-- tearDown -->
      </class> <!-- com.qa.ninjatutorials.testcases.SearchTest -->
      <class name="com.qa.ninjatutorials.testcases.LoginTest">
        <test-method signature="verifyLoginWithNoCredentials()[pri:1, instance:com.qa.ninjatutorials.testcases.LoginTest@2e3967ea]" started-at="2024-08-13T10:06:34 EDT" name="verifyLoginWithNoCredentials" finished-at="2024-08-13T10:06:41 EDT" duration-ms="6820" status="PASS">
          <reporter-output>
          </reporter-output>
        </test-method> <!-- verifyLoginWithNoCredentials -->
        <test-method signature="verifyInvalidEmailNoPassword()[pri:2, instance:com.qa.ninjatutorials.testcases.LoginTest@2e3967ea]" started-at="2024-08-13T10:06:41 EDT" name="verifyInvalidEmailNoPassword" finished-at="2024-08-13T10:06:46 EDT" duration-ms="5744" status="PASS">
          <reporter-output>
          </reporter-output>
        </test-method> <!-- verifyInvalidEmailNoPassword -->
        <test-method signature="verifyValidEmailNoPassword()[pri:3, instance:com.qa.ninjatutorials.testcases.LoginTest@2e3967ea]" started-at="2024-08-13T10:06:46 EDT" name="verifyValidEmailNoPassword" finished-at="2024-08-13T10:06:52 EDT" duration-ms="5444" status="PASS">
          <reporter-output>
          </reporter-output>
        </test-method> <!-- verifyValidEmailNoPassword -->
        <test-method signature="verifyValidEmailInvalidPassword()[pri:4, instance:com.qa.ninjatutorials.testcases.LoginTest@2e3967ea]" started-at="2024-08-13T10:06:52 EDT" name="verifyValidEmailInvalidPassword" finished-at="2024-08-13T10:06:58 EDT" duration-ms="5957" status="PASS">
          <reporter-output>
          </reporter-output>
        </test-method> <!-- verifyValidEmailInvalidPassword -->
        <test-method signature="verifyLoginWithInvalidCredentials()[pri:5, instance:com.qa.ninjatutorials.testcases.LoginTest@2e3967ea]" started-at="2024-08-13T10:06:58 EDT" name="verifyLoginWithInvalidCredentials" finished-at="2024-08-13T10:07:04 EDT" duration-ms="6209" status="PASS">
          <reporter-output>
          </reporter-output>
        </test-method> <!-- verifyLoginWithInvalidCredentials -->
        <test-method signature="verifyLoginWithValidCredentials()[pri:6, instance:com.qa.ninjatutorials.testcases.LoginTest@2e3967ea]" started-at="2024-08-13T10:07:04 EDT" name="verifyLoginWithValidCredentials" finished-at="2024-08-13T10:07:10 EDT" duration-ms="6311" status="PASS">
          <reporter-output>
          </reporter-output>
        </test-method> <!-- verifyLoginWithValidCredentials -->
      </class> <!-- com.qa.ninjatutorials.testcases.LoginTest -->
      <class name="com.qa.ninjatutorials.testcases.RegisterTest">
        <test-method is-config="true" signature="setup()[pri:0, instance:com.qa.ninjatutorials.testcases.RegisterTest@1a942c18]" started-at="2024-08-13T10:07:10 EDT" name="setup" finished-at="2024-08-13T10:07:15 EDT" duration-ms="5050" status="PASS">
          <reporter-output>
          </reporter-output>
        </test-method> <!-- setup -->
        <test-method signature="verifyRegistrationWithoutFillingAnyDetails()[pri:1, instance:com.qa.ninjatutorials.testcases.RegisterTest@1a942c18]" started-at="2024-08-13T10:07:15 EDT" name="verifyRegistrationWithoutFillingAnyDetails" finished-at="2024-08-13T10:07:16 EDT" duration-ms="730" status="PASS">
          <reporter-output>
          </reporter-output>
        </test-method> <!-- verifyRegistrationWithoutFillingAnyDetails -->
        <test-method is-config="true" signature="teardown()[pri:0, instance:com.qa.ninjatutorials.testcases.RegisterTest@1a942c18]" started-at="2024-08-13T10:07:16 EDT" name="teardown" finished-at="2024-08-13T10:07:16 EDT" duration-ms="331" status="PASS">
          <reporter-output>
          </reporter-output>
        </test-method> <!-- teardown -->
        <test-method is-config="true" signature="setup()[pri:0, instance:com.qa.ninjatutorials.testcases.RegisterTest@1a942c18]" started-at="2024-08-13T10:07:16 EDT" name="setup" finished-at="2024-08-13T10:07:22 EDT" duration-ms="5210" status="PASS">
          <reporter-output>
          </reporter-output>
        </test-method> <!-- setup -->
        <test-method signature="verifyRegistrationWithMandatoryFields()[pri:2, instance:com.qa.ninjatutorials.testcases.RegisterTest@1a942c18]" started-at="2024-08-13T10:07:22 EDT" name="verifyRegistrationWithMandatoryFields" finished-at="2024-08-13T10:07:23 EDT" duration-ms="1826" status="PASS">
          <reporter-output>
          </reporter-output>
        </test-method> <!-- verifyRegistrationWithMandatoryFields -->
        <test-method is-config="true" signature="teardown()[pri:0, instance:com.qa.ninjatutorials.testcases.RegisterTest@1a942c18]" started-at="2024-08-13T10:07:23 EDT" name="teardown" finished-at="2024-08-13T10:07:24 EDT" duration-ms="217" status="PASS">
          <reporter-output>
          </reporter-output>
        </test-method> <!-- teardown -->
        <test-method is-config="true" signature="setup()[pri:0, instance:com.qa.ninjatutorials.testcases.RegisterTest@1a942c18]" started-at="2024-08-13T10:07:24 EDT" name="setup" finished-at="2024-08-13T10:07:29 EDT" duration-ms="5484" status="PASS">
          <reporter-output>
          </reporter-output>
        </test-method> <!-- setup -->
        <test-method signature="verifyRegistrationWithAllFields()[pri:3, instance:com.qa.ninjatutorials.testcases.RegisterTest@1a942c18]" started-at="2024-08-13T10:07:29 EDT" name="verifyRegistrationWithAllFields" finished-at="2024-08-13T10:07:31 EDT" duration-ms="1623" status="PASS">
          <reporter-output>
          </reporter-output>
        </test-method> <!-- verifyRegistrationWithAllFields -->
        <test-method is-config="true" signature="teardown()[pri:0, instance:com.qa.ninjatutorials.testcases.RegisterTest@1a942c18]" started-at="2024-08-13T10:07:31 EDT" name="teardown" finished-at="2024-08-13T10:07:31 EDT" duration-ms="217" status="PASS">
          <reporter-output>
          </reporter-output>
        </test-method> <!-- teardown -->
      </class> <!-- com.qa.ninjatutorials.testcases.RegisterTest -->
    </test> <!-- NinjaTest -->
  </suite> <!-- Suite -->
</testng-results>
